--- Terminal on COM7 | 115200 8-N-1
--- Available filters and text transformations: colorize, debug, default, direct, esp32_exception_decoder, hexlify, log2file, nocontrol, printable, send_on_enter, time
--- More details at https://bit.ly/pio-monitor-filters
--- Quit: Ctrl+C | Menu: Ctrl+T | Help: Ctrl+T followed by Ctrl+H
00:14:35.053 >
00:14:35.053 > Connecting to WiFi network .
00:14:35.153 > Connected successfully. IP address: 192.168.1.46
00:14:35.157 >
00:14:35.157 > ----> server content follows:
00:14:35.241 > Audio/
00:14:35.362 >   Albums/
00:14:36.224 >     Car-CD 1/
00:14:36.318 >       Excuse me Mr.   item size: 11797545, audio
00:14:36.322 >       Excuse me Mr.   item size: 11870222, audio
00:14:36.326 >     Car-CD 1/
00:14:36.399 >       Sick And Tired   item size: 8348435, audio
00:14:36.404 >       Sick And Tired   item size: 8348435, audio
00:14:36.408 >     Car-CD 1/
00:14:36.469 >       Major Tom (German Version)   item size: 3855747, audio
00:14:36.474 >     Car-CD 1/
00:14:36.532 >       A million miles away   item size: 22771074, audio
00:14:36.537 >     Car-CD 1/
00:14:36.592 >       Dutch Mountains   item size: 8555384, audio
00:14:36.598 >     Car-CD 1/
00:14:36.684 >       500 Miles   item size: 6359038, audio
00:14:36.689 >     Car-CD 1/
00:14:36.754 >       From the land down under   item size: 3542515, audio
00:14:36.760 >     Car-CD 1/
00:14:36.817 >       Material World   item size: 7104618, audio
00:14:36.822 >     Car-CD 1/
00:14:36.880 >       Blueprint   item size: 7962597, audio
00:14:36.884 >     Car-CD 1/
00:14:36.954 >       74-75   item size: 6753175, audio
00:14:36.958 >     Car-CD 1/
00:14:37.014 >       Because The Night   item size: 8944456, audio
00:14:37.018 >     Car-CD 1/
00:14:37.078 >       Our house   item size: 5756679, audio
00:14:37.081 >     Car-CD 1/
00:14:37.144 >       Hands Clean   item size: 6528589, audio
00:14:37.149 >     Car-CD 1/
00:14:37.208 >       Stay   item size: 9647394, audio
00:14:37.213 >     Car-CD 1/
00:14:37.283 >       Carpet Crawl   item size: 12556493, audio
00:14:37.288 >     Car-CD 1/
00:14:37.348 >       Love Hurts   item size: 9284867, audio
00:14:37.353 >     Car-CD 2/
00:14:37.416 >       This Is The Life   item size: 4688488, audio
00:14:37.421 >     Car-CD 2/
00:14:37.490 >       All good things   item size: 12455337, audio
00:14:37.495 >     Car-CD 2/
00:14:37.553 >       Wicked Games   item size: 4644994, audio
00:14:37.558 >     Car-CD 2/
00:14:37.617 >       Just Hold Me   item size: 6199684, audio
00:14:37.622 >     Car-CD 2/
00:14:37.676 >       Summer In The City   item size: 3888715, audio
00:14:37.682 >     Car-CD 2/
00:14:37.740 >       On my way to LA (long)   item size: 6695426, audio
00:14:37.744 >     Car-CD 2/
00:14:37.798 >       Always The Sun   item size: 9829742, audio
00:14:37.803 >     Car-CD 2/
00:14:37.864 >       Sing   item size: 5434021, audio
00:14:37.868 >     Car-CD 2/
00:14:37.925 >       Stars   item size: 4746949, audio
00:14:37.929 >     Car-CD 2/
00:14:38.017 >       I Feel Good   item size: 2701318, audio
00:14:38.021 >     Car-CD 2/
00:14:38.078 >       Someone new   item size: 5096159, audio
00:14:38.082 >     Car-CD 2/
00:14:38.153 >       My Name Is Luka   item size: 7354786, audio
00:14:38.158 >     Car-CD 2/
00:14:38.219 >       Set Fire to the Rain   item size: 9696150, audio
00:14:38.225 >     Car-CD 2/
00:14:38.283 >       Abracadabra   item size: 12353263, audio
00:14:38.287 >     Car-CD 2/
00:14:38.353 >       You Got it   item size: 5152689, audio
00:14:38.357 >     Car-CD 2/
00:14:38.416 >       Talk To Me   item size: 7881646, audio
00:14:38.421 >     Car-CD 2/
00:14:38.493 >       Down To The River   item size: 14473215, audio
00:14:38.498 >     Car-CD 2/
00:14:38.559 >       One   item size: 7689152, audio
00:14:38.564 >     Car-CD 3/
00:14:38.640 >       Forever Young   item size: 4556304, audio
00:14:38.644 >       Sounds Like A Melody   item size: 9210144, audio
00:14:38.649 >     Car-CD 3/
00:14:38.710 >       A New Day Has Come   item size: 6251473, audio
00:14:38.715 >     Car-CD 3/
00:14:38.792 >       China Girl   item size: 6706178, audio
00:14:38.797 >     Car-CD 3/
00:14:38.850 >       Der Kommissar   item size: 7459426, audio
00:14:38.856 >     Car-CD 3/
00:14:38.924 >       Sweet About Me   item size: 5006892, audio
00:14:38.930 >     Car-CD 3/
00:14:38.986 >       One Night in Bangkok   item size: 5003572, audio
00:14:38.992 >     Car-CD 3/
00:14:39.053 >       Whenever, Wherever   item size: 4789962, audio
00:14:39.057 >     Car-CD 3/
00:14:39.118 >       Ride   item size: 11630482, audio
00:14:39.122 >     Car-CD 3/
00:14:39.191 >       Go West   item size: 4833196, audio
00:14:39.196 >     Car-CD 3/
00:14:39.256 >       Nothing Compares 2 U   item size: 7516934, audio
00:14:39.262 >     Car-CD 3/
00:14:39.327 >       Super Girl   item size: 5577366, audio
00:14:39.331 >     Car-CD 3/
00:14:39.393 >       No Milk Today   item size: 5489679, audio
00:14:39.397 >     Car-CD 3/
00:14:39.452 >       Lady In Black   item size: 6774204, audio
00:14:39.457 >     Car-CD 3/
00:14:39.517 >       San Francisco (Be Sure To Wear Flowers In You Hair)   item size: 4341799, audio
00:14:39.526 >     Car-CD 3/
00:14:39.603 >       Let Her Go   item size: 10143623, audio
00:14:39.606 >     Car-CD 3/
00:14:39.663 >       A good heart   item size: 9195418, audio
00:14:39.668 >     Car-CD 4/
00:14:39.744 >       Bad Ideas   item size: 6688084, audio
00:14:39.748 >       She Moves   item size: 7784102, audio
00:14:39.752 >     Car-CD 4/
00:14:39.826 >       The Way It Is   item size: 11945276, audio
00:14:39.830 >     Car-CD 4/
00:14:39.887 >       Clocks   item size: 12374596, audio
00:14:39.891 >     Car-CD 4/
00:14:39.953 >       The Sound Of Silence [Official Music Video]   item size: 8332259, audio
00:14:39.961 >     Car-CD 4/
00:14:40.014 >       Sign of the Times   item size: 13667400, audio
00:14:40.019 >     Car-CD 4/
00:14:40.076 >       All Of Me   item size: 8668133, audio
00:14:40.079 >     Car-CD 4/
00:14:40.136 >       Summertime Sadness   item size: 9115457, audio
00:14:40.141 >     Car-CD 4/
00:14:40.200 >       All This Time   item size: 4177264, audio
00:14:40.203 >     Car-CD 4/
00:14:40.268 >       Born To Be Alive   item size: 6203103, audio
00:14:40.274 >     Car-CD 4/
00:14:40.341 >       Streets Of London   item size: 9938320, audio
00:14:40.347 >     Car-CD 4/
00:14:40.400 >       Jealous Guy   item size: 7192636, audio
00:14:40.404 >     Car-CD 4/
00:14:40.463 >       All You Zombies   item size: 8620094, audio
00:14:40.468 >     Car-CD 4/
00:14:40.523 >       Save Me   item size: 7161591, audio
00:14:40.528 >     Car-CD 4/
00:14:40.584 >       Room With a View   item size: 8140545, audio
00:14:40.589 >     Car-CD 4/
00:14:40.647 >       I Follow Rivers   item size: 8581856, audio
00:14:40.652 >     Car-CD 4/
00:14:40.708 >       Pure Love   item size: 8441184, audio
00:14:40.712 >     Car-CD 5/
00:14:40.768 >       Broken Sleep   item size: 7115834, audio
00:14:40.773 >     Car-CD 5/
00:14:40.830 >       Big In Japan   item size: 6892958, audio
00:14:40.834 >     Car-CD 5/
00:14:40.906 >       Home   item size: 6157651, audio
00:14:40.910 >       Lose It   item size: 10791332, audio
00:14:40.913 >     Car-CD 5/
00:14:40.971 >       Ruined Heart   item size: 10102568, audio
00:14:40.975 >     Car-CD 5/
00:14:41.034 >       Enjoy the Silence   item size: 4628781, audio
00:14:41.039 >     Car-CD 5/
00:14:41.092 >       Do You Really Want To Hurt Me   item size: 10425164, audio
00:14:41.098 >     Car-CD 5/
00:14:41.161 >       Working Hard For Your Love   item size: 7438165, audio
00:14:41.167 >     Car-CD 5/
00:14:41.221 >       Vincent   item size: 8967826, audio
00:14:41.225 >     Car-CD 5/
00:14:41.288 >       Why Her Not Me   item size: 9367318, audio
00:14:41.293 >     Car-CD 5/
00:14:41.356 >       Broken   item size: 6073871, audio
00:14:41.359 >     Car-CD 5/
00:14:41.415 >       Blue Mesa   item size: 9666929, audio
00:14:41.419 >     Car-CD 5/
00:14:41.478 >       Simple Man   item size: 14386127, audio
00:14:41.483 >     Car-CD 5/
00:14:41.537 >       Incubus Live   item size: 9670576, audio
00:14:41.541 >     Car-CD 5/
00:14:41.597 >       Gyöngyhajú lány   item size: 10991944, audio
00:14:41.602 >     Car-CD 5/
00:14:41.665 >       Hell Or High Water   item size: 8833381, audio
00:14:41.670 >     Car-CD 5/
00:14:41.735 >       Youre In The Army   item size: 11258315, audio
00:14:41.740 >     Car-CD 5/
00:14:41.795 >       Another Love   item size: 9929167, audio
00:14:41.800 >     Car-CD 5/
00:14:41.864 >       Subcity   item size: 9584311, audio
00:14:41.867 >     Car-CD 6/
00:14:41.921 >       Riverside   item size: 5557406, audio
00:14:41.926 >     Car-CD 6/
00:14:41.984 >       Don't Forget About Me   item size: 5705448, audio
00:14:41.990 >     Car-CD 6/
00:14:42.046 >       Cripple and the Starfish   item size: 6172531, audio
00:14:42.052 >     Car-CD 6/
00:14:42.105 >       It's Amazing   item size: 6273323, audio
00:14:42.110 >     Car-CD 6/
00:14:42.163 >       Keep Moving On - Live   item size: 12127204, audio
00:14:42.169 >     Car-CD 6/
00:14:42.236 >       One Of Us Cannot Be Wrong   item size: 14082497, audio
00:14:42.242 >     Car-CD 6/
00:14:42.298 >       Done   item size: 6905292, audio
00:14:42.301 >     Car-CD 6/
00:14:42.364 >       Watermelon Sugar   item size: 4405070, audio
00:14:42.370 >     Car-CD 6/
00:14:42.427 >       Slip Away   item size: 8462013, audio
00:14:42.431 >     Car-CD 6/
00:14:42.559 >       Electric   item size: 10179145, audio
00:14:42.564 >       Madrugada - Vocal (Live in Norway)   item size: 10303735, audio
00:14:42.571 >       Majesty live   item size: 14136935, audio
00:14:42.575 >       Vocal   item size: 11521263, audio
00:14:42.578 >       What's On Your Mind?   item size: 5861481, audio
00:14:42.583 >     The Eagles Best Of/
00:14:42.639 >       Hotel California   item size: 17327932, audio
00:14:42.644 >     Vincent/
00:14:42.727 >       Vincent   item size: 9102671, audio
00:14:42.732 >   Artists/
00:14:42.856 >     A/
00:14:43.083 >       Adele/
00:14:43.084 >       Agnes Obel/
00:14:43.086 >       Alanis Morissette/
00:14:43.089 >       Alice Boman/
00:14:43.090 >       Alle Farben/
00:14:43.092 >       Alphaville/
00:14:43.094 >       Amy Macdonald/
00:14:43.096 >       Anastacia/
00:14:43.097 >       Antony and the Johnsons/
00:14:43.100 >       Austra/
00:14:43.101 >     B/
00:14:43.186 >       Ben Harper/
00:14:43.188 >       Bing Austria & The Flippin' Soul Stompers/
00:14:43.192 >       Bobo in White Wooden Houses/
00:14:43.195 >       Bruce Hornsby/
00:14:43.197 >       Bruce Springsteen/
00:14:43.200 >     C/
00:14:43.299 >       Carla Bruni/
00:14:43.301 >       Celine Dion/
00:14:43.303 >       Chris Isaac/
00:14:43.305 >       Coldplay/
00:14:43.306 >       Connells/
00:14:43.308 >       Culture Club/
00:14:43.309 >     D/
00:14:43.356 >       David Bowie/
00:14:43.358 >       Disturbed/
00:14:43.360 >     E/
00:14:43.443 >       The Eagles/
00:14:43.446 >       Eilen Jewell/
00:14:43.448 >       Ellie Goulding/
00:14:43.450 >       Escobar & Heather Nova/
00:14:43.453 >     F/
00:14:43.530 >       Falco/
00:14:43.534 >       Father John Misty/
00:14:43.535 >       Feargal Sharkey/
00:14:43.537 >       Frazey Ford/
00:14:43.539 >     G/
00:14:43.603 >       Gabriella Cilmi/
00:14:43.605 >       Genesis/
00:14:43.607 >       Grace Carter/
00:14:43.609 >     H/
00:14:43.698 >       Harry Styles/
00:14:43.700 >       Heather Nova/
00:14:43.702 >       Herman's Hermits/
00:14:43.704 >       Hooters/
00:14:43.706 >       The Hooters/
00:14:43.707 >     J/
00:14:43.777 >       Jake Bugg/
00:14:43.780 >       James Brown/
00:14:43.782 >       John Legend/
00:14:43.783 >     L/
00:14:43.887 >       Lana Del Rey/
00:14:43.889 >       Laurie Anderson/
00:14:43.891 >       Lovin' Spoonful/
00:14:43.893 >       Luke Winslow-King/
00:14:43.896 >       Lynyrd Skynyrd/
00:14:43.898 >     M/
00:14:43.987 >       Madness/
00:14:43.989 >       Madrugada/
00:14:43.990 >       Maria Mena/
00:14:43.992 >       Marillion/
00:14:43.993 >       Men at Work/
00:14:43.995 >       Murray Head/
00:14:43.998 >     N/
00:14:44.054 >       Nazareth/
00:14:44.056 >       Nelly Furtado/
00:14:44.058 >       Nits/
00:14:44.059 >     O/
00:14:44.128 >       Omega/
00:14:44.130 >     P/
00:14:44.231 >       The Parakit feat Alden Jacob/
00:14:44.235 >       Passenger/
00:14:44.237 >       Patrick Hernandez/
00:14:44.239 >       Pet Shop Boys/
00:14:44.241 >       Peter Schilling/
00:14:44.243 >       Phil Carmen/
00:14:44.245 >       Police/
00:14:44.246 >     R/
00:14:44.359 >       Rainbirds/
00:14:44.361 >       Ralph Mctell/
00:14:44.363 >       Reamonn/
00:14:44.364 >       Rihanna Feat Mikky Ekko/
00:14:44.367 >       Rory Gallagher/
00:14:44.369 >       Roxette/
00:14:44.370 >       Roxy Music/
00:14:44.372 >       Roy Orbison/
00:14:44.374 >     S/
00:14:44.480 >       Scott Mc Kenzie/
00:14:44.484 >       Shakira/
00:14:44.485 >       Sinéad O'Connor/
00:14:44.487 >       Status Quo/
00:14:44.489 >       Steve Miller Band/
00:14:44.491 >       Stranglers/
00:14:44.492 >       Suzanne Vega/
00:14:44.494 >     T/
00:14:44.590 >       Ten Thousand Maniacs/
00:14:44.593 >       Tom Odell/
00:14:44.595 >       Tony Carey/
00:14:44.596 >       Tracy Chapman/
00:14:44.598 >       Travis/
00:14:44.599 >       Triggerfinger/
00:14:44.601 >     U/
00:14:44.649 >       U2/
00:14:44.652 >       Uriah Heep/
00:14:44.653 >     Z/
00:14:44.707 >       Zucchero/
00:14:44.710 >   Album Artists/
00:14:44.808 >     A/
00:14:44.956 >       Adele/
00:14:44.957 >       Agnes Obel/
00:14:44.959 >       Alanis Morissette/
00:14:44.962 >       Alice Boman/
00:14:44.963 >       Alle Farben/
00:14:44.966 >       Alphaville/
00:14:44.966 >       Amy Macdonald/
00:14:44.968 >       Anastacia/
00:14:44.970 >       Antony and the Johnsons/
00:14:44.973 >       Austra/
00:14:44.974 >     B/
00:14:45.067 >       Ben Harper/
00:14:45.070 >       Bing Austria & The Flippin' Soul Stompers/
00:14:45.074 >       Bobo in White Wooden Houses/
00:14:45.077 >       Bruce Hornsby/
00:14:45.079 >       Bruce Springsteen/
00:14:45.082 >     C/
00:14:45.179 >       Carla Bruni/
00:14:45.182 >       Celine Dion/
00:14:45.184 >       Chris Isaac/
00:14:45.186 >       Coldplay/
00:14:45.187 >       Connells/
00:14:45.188 >       Culture Club/
00:14:45.190 >     D/
00:14:45.244 >       David Bowie/
00:14:45.246 >       Disturbed/
00:14:45.247 >     E/
00:14:45.318 >       The Eagles/
00:14:45.322 >       Eilen Jewell/
00:14:45.323 >       Ellie Goulding/
00:14:45.325 >       Escobar & Heather Nova/
00:14:45.327 >     F/
00:14:45.415 >       Falco/
00:14:45.418 >       Father John Misty/
00:14:45.419 >       Feargal Sharkey/
00:14:45.422 >       Frazey Ford/
00:14:45.423 >     G/
00:14:45.490 >       Gabriella Cilmi/
00:14:45.494 >       Genesis/
00:14:45.495 >       Grace Carter/
00:14:45.496 >     H/
00:14:45.580 >       Harry Styles/
00:14:45.583 >       Heather Nova/
00:14:45.586 >       Herman's Hermits/
00:14:45.587 >       Hooters/
00:14:45.588 >       The Hooters/
00:14:45.590 >     J/
00:14:45.656 >       Jake Bugg/
00:14:45.659 >       James Brown/
00:14:45.660 >       John Legend/
00:14:45.663 >     L/
00:14:45.747 >       Lana Del Rey/
00:14:45.749 >       Laurie Anderson/
00:14:45.751 >       Lovin' Spoonful/
00:14:45.754 >       Luke Winslow-King/
00:14:45.755 >       Lynyrd Skynyrd/
00:14:45.757 >     M/
00:14:45.835 >       Madness/
00:14:45.836 >       Madrugada/
00:14:45.839 >       Maria Mena/
00:14:45.839 >       Marillion/
00:14:45.842 >       Men at Work/
00:14:45.843 >       Murray Head/
00:14:45.845 >     N/
00:14:45.936 >       Nazareth/
00:14:45.938 >       Nelly Furtado/
00:14:45.940 >       Nits/
00:14:45.941 >     O/
00:14:45.987 >       Omega/
00:14:45.988 >     P/
00:14:46.092 >       The Parakit feat Alden Jacob/
00:14:46.096 >       Passenger/
00:14:46.098 >       Patrick Hernandez/
00:14:46.101 >       Pet Shop Boys/
00:14:46.102 >       Peter Schilling/
00:14:46.104 >       Phil Carmen/
00:14:46.106 >       Police/
00:14:46.107 >     R/
00:14:46.218 >       Rainbirds/
00:14:46.220 >       Ralph Mctell/
00:14:46.223 >       Reamonn/
00:14:46.225 >       Rihanna Feat Mikky Ekko/
00:14:46.226 >       Rory Gallagher/
00:14:46.228 >       Roxette/
00:14:46.230 >       Roxy Music/
00:14:46.233 >       Roy Orbison/
00:14:46.234 >     S/
00:14:46.337 >       Scott Mc Kenzie/
00:14:46.340 >       Shakira/
00:14:46.341 >       Sinéad O'Connor/
00:14:46.345 >       Status Quo/
00:14:46.345 >       Steve Miller Band/
00:14:46.347 >       Stranglers/
00:14:46.349 >       Suzanne Vega/
00:14:46.351 >     T/
00:14:46.446 >       Ten Thousand Maniacs/
00:14:46.449 >       Tom Odell/
00:14:46.451 >       Tony Carey/
00:14:46.453 >       Tracy Chapman/
00:14:46.455 >       Travis/
00:14:46.456 >       Triggerfinger/
00:14:46.458 >     U/
00:14:46.505 >       U2/
00:14:46.507 >       Uriah Heep/
00:14:46.508 >     Z/
00:14:46.556 >       Zucchero/
00:14:46.558 >   Folders/
00:14:46.604 >     Music/
00:14:48.345 >       Car-CD1/
00:14:48.347 >       01 Alphaville - Forever Young.mp3   item size: 4556304, audio
00:14:48.352 >       01 Amy McDonald - This Is The Life.mp3   item size: 4688488, audio
00:14:48.359 >       01 Ben Harper- Excuse me Mr.mp3   item size: 11870222, audio
00:14:48.364 >       02 Anastacia - Sick And Tired.mp3   item size: 8348435, audio
00:14:48.370 >       02 Celine Dion - A new day has come.mp3   item size: 6251473, audio
00:14:48.378 >       02 Nelly Furtado - All good things.mp3   item size: 12455337, audio
00:14:48.383 >       03 Chris Isaac - Wicked Games.mp3   item size: 4644994, audio
00:14:48.390 >       03 David Bowie - China Girl.mp3   item size: 6706178, audio
00:14:48.395 >       03 Peter Schilling - Major Tom (German version).mp3   item size: 3855747, audio
00:14:48.403 >       04 Falco - Der Kommissar.mp3   item size: 7459426, audio
00:14:48.408 >       04 Maria Mena - Just hold me.mp3   item size: 6199684, audio
00:14:48.414 >       05 Gabriella Cilmi - Sweet About Me.mp3   item size: 5006892, audio
00:14:48.422 >       05 Lovin' Spoonful - Summer In The City.mp3   item size: 3888715, audio
00:14:48.427 >       05 Rory Gallagher - A million miles away.mp3   item size: 22771074, audio
00:14:48.434 >       06 Alphaville - Sounds like a melody.mp3   item size: 9210144, audio
00:14:48.441 >       06 Nits - Dutch Mountains.mp3   item size: 8555384, audio
00:14:48.447 >       06 Phil Carmen - On my way to LA (long).mp3   item size: 6695426, audio
00:14:48.455 >       07 Hooters - 500 Miles.mp3   item size: 6359038, audio
00:14:48.459 >       07 Stranglers - Always The Sun .mp3   item size: 9829742, audio
00:14:48.466 >       08 Men at Work - Land down under.mp3   item size: 3542515, audio
00:14:48.471 >       08 Murray Head - One Night In Bangkok.mp3   item size: 5003572, audio
00:14:48.478 >       08 Travis - Sing.mp3   item size: 5434021, audio
00:14:48.483 >       09 Police - Material World.mp3   item size: 7104618, audio
00:14:48.490 >       09 Roxette - Stars.mp3   item size: 4746949, audio
00:14:48.494 >       09 Shakira - Whenever, Wherever.mp3   item size: 4789962, audio
00:14:48.500 >       10 James Brown - I feel good.mp3   item size: 2701318, audio
00:14:48.506 >       10 Lana Del Rey - Ride.mp3   item size: 11630482, audio
00:14:48.511 >       10 Rainbirds - Blueprint.mp3   item size: 7962597, audio
00:14:48.517 >       11 Connells - 74-75.mp3   item size: 6753175, audio
00:14:48.523 >       11 Escobar & Heather Nova - Someone new.mp3   item size: 5096159, audio
00:14:48.529 >       11 Pet Shop Boys - Go West.mp3   item size: 4833196, audio
00:14:48.534 >       12 Sinéad O'Connor - Nothing Compares 2 U.mp3   item size: 7516934, audio
00:14:48.542 >       12 Suzanne Vega - My Name Is Luka.mp3   item size: 7354786, audio
00:14:48.548 >       12 Ten thousand maniacs - because the night.mp3   item size: 8944456, audio
00:14:48.555 >       13 Adele - Set Fire to the Rain.mp3   item size: 9696150, audio
00:14:48.561 >       13 Madness - Our house.mp3   item size: 5756679, audio
00:14:48.567 >       13 Reamonn - Super Girl.mp3   item size: 5577366, audio
00:14:48.572 >       14 Alanis Morissette - Hands Clean.mp3   item size: 6528589, audio
00:14:48.580 >       14 Eagles - Hotel California (Acoustic Live With Eric Clapton).mp3   item size: 17327932, audio
00:14:48.588 >       14 Steve Miller Band - Abracadabra.mp3   item size: 12353263, audio
00:14:48.594 >       15 Hermans Hermits - No Milk Today.mp3   item size: 5489679, audio
00:14:48.600 >       15 Rihanna - Stay.mp3   item size: 9647394, audio
00:14:48.605 >       15 Roy Orbison - You Got It.mp3   item size: 5152689, audio
00:14:48.611 >       16 Genesis - Carpet Crawl.mp3   item size: 12556493, audio
00:14:48.617 >       16 Heather Nova - Talk To Me.mp3   item size: 7881646, audio
00:14:48.624 >       16 Uriah Heep - Lady In Black.mp3   item size: 6774204, audio
00:14:48.629 >       17 Bruce Springsteen - Down To The River.mp3   item size: 14473215, audio
00:14:48.636 >       17 Scott Mc Kenzie - San Francisco.mp3   item size: 4341799, audio
00:14:48.642 >       18 Nazareth - Love Hurts.mp3   item size: 9284867, audio
00:14:48.648 >       18 Passenger - Let Her Go.mp3   item size: 10143623, audio
00:14:48.655 >       18 U2 - One Love.mp3   item size: 7689152, audio
00:14:48.658 >       19 Feargal Sharkey - A Good Heart.mp3   item size: 9195418, audio
00:14:48.665 >       Agnes Obel - Broken Sleep.mp3   item size: 7115834, audio
00:14:48.670 >       Agnes Obel - Riverside.mp3   item size: 5557406, audio
00:14:48.676 >       Alice Boman - Don't forget about me.mp3   item size: 5705448, audio
00:14:48.682 >       Alle Farben - Bad Ideas.mp3   item size: 6688084, audio
00:14:48.689 >       Alle Farben - She Moves (Far Away).mp3   item size: 7784102, audio
00:14:48.694 >       Alphaville - Big In Japan.mp3   item size: 6892958, audio
00:14:48.700 >       Antony And The Johnsons - Cripple And The Starfish.mp3   item size: 6172531, audio
00:14:48.708 >       Austra - Home.mp3   item size: 6157651, audio
00:14:48.712 >       Austra - Its Amazing.mp3   item size: 6273323, audio
00:14:48.718 >       Austra - Lose It.mp3   item size: 10791332, audio
00:14:48.723 >       Bing Austria & The Flippin' Soul Stompers - Ruined Heart.mp3   item size: 10102568, audio
00:14:48.732 >       Bobo in White Wooden Houses - Keep Moving On - Live.mp3   item size: 12127204, audio
00:14:48.740 >       Bruce Hornsby - The Way It Is.mp3   item size: 11945276, audio
00:14:48.745 >       Carla Bruni - Enjoy The Silence.mp3   item size: 4628781, audio
00:14:48.751 >       Coldplay - Clocks.mp3   item size: 12374596, audio
00:14:48.756 >       Culture Club - Do You Really Want To Hurt Me.mp3   item size: 10425164, audio
00:14:48.763 >       Disturbed - The Sound Of Silence.mp3   item size: 8332259, audio
00:14:48.770 >       Eilen Jewell - Working Hard For Your Love.mp3   item size: 7438165, audio
00:14:48.777 >       Ellie Goulding - Vincent.mp3   item size: 8967826, audio
00:14:48.782 >       Father John Misty - One of us cannot be wrong (cover).mp3   item size: 14082497, audio
00:14:48.790 >       Frazey Ford - Done.mp3   item size: 6905292, audio
00:14:48.795 >       Grace Carter - Why Her Not Me.mp3   item size: 9367318, audio
00:14:48.801 >       Harry Styles - Sign of the Times.mp3   item size: 13667400, audio
00:14:48.809 >       Harry Styles - Watermelon Sugar.mp3   item size: 4405070, audio
00:14:48.814 >       Jake Bugg - Broken.mp3   item size: 6073871, audio
00:14:48.819 >       John Legend - All Of Me.mp3   item size: 8668133, audio
00:14:48.824 >       Lana Del Rey - Summertime Sadness.mp3   item size: 9115457, audio
00:14:48.832 >       Laurie Anderson - Slip Away.mp3   item size: 8462013, audio
00:14:48.837 >       Luke Winslow-King - Blue Mesa.mp3   item size: 9666929, audio
00:14:48.844 >       Lynyrd Skynyrd - Simple Man.mp3   item size: 14386127, audio
00:14:48.849 >       Madrugada - Electric.mp3   item size: 10179145, audio
00:14:48.854 >       Madrugada - Majesty live.mp3   item size: 14136935, audio
00:14:48.859 >       Madrugada - Vocal (Live in Norway).mp3   item size: 10303735, audio
00:14:48.866 >       Madrugada - Vocal.mp3   item size: 11521263, audio
00:14:48.872 >       Madrugada - Whats On Your Mind.mp3   item size: 5861481, audio
00:14:48.877 >       Maria Mena - All This Time.mp3   item size: 4177264, audio
00:14:48.883 >       Marillion - Incubus Live.mp3   item size: 9670576, audio
00:14:48.888 >       Omega - Gyöngyhajú lány.mp3   item size: 10991944, audio
00:14:48.894 >       Passenger - Hell Or High Water.mp3   item size: 8833381, audio
00:14:48.900 >       Patrick Hernandez - Born To Be Alive.mp3   item size: 6203103, audio
00:14:48.908 >       Ralph Mctell - Streets Of London.mp3   item size: 9938320, audio
00:14:48.914 >       Roxy Music - Jealous Guy.mp3   item size: 7192636, audio
00:14:48.920 >       Status Quo - You are in the Army now.mp3   item size: 11258315, audio
00:14:48.925 >       The Hooters - All You Zombies.mp3   item size: 8620094, audio
00:14:48.931 >       The Parakit - Save Me.mp3   item size: 7161591, audio
00:14:48.937 >       Tom Odell - Another Love.mp3   item size: 9929167, audio
00:14:48.942 >       Tony Carey - Room With a View.mp3   item size: 8140545, audio
00:14:48.948 >   Genres/
00:14:49.062 >     Alternative/
00:14:49.125 >       Cripple and the Starfish   item size: 6172531, audio
00:14:49.132 >     Alternative/
00:14:49.225 >       Riverside   item size: 5557406, audio
00:14:49.229 >       Slip Away   item size: 8462013, audio
00:14:49.233 >       What's On Your Mind?   item size: 5861481, audio
00:14:49.238 >     Blues/
00:14:49.294 >       A million miles away   item size: 22771074, audio
00:14:49.300 >     Classic Rock/
00:14:49.366 >       Summer In The City   item size: 3888715, audio
00:14:49.370 >     Dance/
00:14:49.427 >       A good heart   item size: 9195418, audio
00:14:49.432 >     Disco + 80/
00:14:49.483 >       Our house   item size: 5756679, audio
00:14:49.486 >     Folk/
00:14:49.609 >       500 Miles   item size: 6359038, audio
00:14:49.613 >       Done   item size: 6905292, audio
00:14:49.617 >       One Of Us Cannot Be Wrong   item size: 14082497, audio
00:14:49.621 >       Riverside   item size: 5557406, audio
00:14:49.625 >       Subcity   item size: 9584311, audio
00:14:49.630 >     Folk Rock/
00:14:49.695 >       Because The Night   item size: 8944456, audio
00:14:49.701 >       San Francisco (Be Sure To Wear Flowers In You Hair)   item size: 4341799, audio
00:14:49.708 >     General Indie Pop/
00:14:49.769 >       Ride   item size: 11630482, audio
00:14:49.773 >     Indie/
00:14:49.870 >       Broken   item size: 6073871, audio
00:14:49.873 >       Cripple and the Starfish   item size: 6172531, audio
00:14:49.878 >       Lose It   item size: 10791332, audio
00:14:49.882 >     Industrial/
00:14:49.938 >       Blueprint   item size: 7962597, audio
00:14:49.943 >     Italo Rock/
00:14:49.995 >       Pure Love   item size: 8441184, audio
00:14:49.999 >     NDW/
00:14:50.056 >       Major Tom (German Version)   item size: 3855747, audio
00:14:50.062 >     Oldies/
00:14:50.115 >       Born To Be Alive   item size: 6203103, audio
00:14:50.119 >     Pop/
00:14:50.500 >       All good things   item size: 12455337, audio
00:14:50.506 >       All Of Me   item size: 8668133, audio
00:14:50.509 >       Bad Ideas   item size: 6688084, audio
00:14:50.514 >       Der Kommissar   item size: 7459426, audio
00:14:50.517 >       Down To The River   item size: 14473215, audio
00:14:50.521 >       Dutch Mountains   item size: 8555384, audio
00:14:50.526 >       Home   item size: 6157651, audio
00:14:50.529 >       I Follow Rivers   item size: 8581856, audio
00:14:50.535 >       Just Hold Me   item size: 6199684, audio
00:14:50.538 >       Material World   item size: 7104618, audio
00:14:50.542 >       A New Day Has Come   item size: 6251473, audio
00:14:50.548 >       Set Fire to the Rain   item size: 9696150, audio
00:14:50.553 >       She Moves   item size: 7784102, audio
00:14:50.557 >       Sign of the Times   item size: 13667400, audio
00:14:50.561 >       Sounds Like A Melody   item size: 9210144, audio
00:14:50.565 >       Stars   item size: 4746949, audio
00:14:50.570 >       Stay   item size: 9647394, audio
00:14:50.572 >       Summertime Sadness   item size: 9115457, audio
00:14:50.578 >       This Is The Life   item size: 4688488, audio
00:14:50.583 >       Watermelon Sugar   item size: 4405070, audio
00:14:50.587 >     Pop/Rock/
00:14:50.653 >       Nothing Compares 2 U   item size: 7516934, audio
00:14:50.659 >     Rock/
00:14:50.925 >       All You Zombies   item size: 8620094, audio
00:14:50.931 >       Another Love   item size: 9929167, audio
00:14:50.934 >       From the land down under   item size: 3542515, audio
00:14:50.940 >       Hotel California   item size: 17327932, audio
00:14:50.944 >       Jealous Guy   item size: 7192636, audio
00:14:50.949 >       Let Her Go   item size: 10143623, audio
00:14:50.953 >       Love Hurts   item size: 9284867, audio
00:14:50.956 >       One   item size: 7689152, audio
00:14:50.959 >       One Night in Bangkok   item size: 5003572, audio
00:14:50.965 >       Simple Man   item size: 14386127, audio
00:14:50.968 >       Streets Of London   item size: 9938320, audio
00:14:50.974 >       The Way It Is   item size: 11945276, audio
00:14:50.977 >       Youre In The Army   item size: 11258315, audio
00:14:50.982 >     Unknown/
00:14:51.845 >       74-75   item size: 6753175, audio
00:14:51.848 >       Abracadabra   item size: 12353263, audio
00:14:51.854 >       All This Time   item size: 4177264, audio
00:14:51.857 >       Always The Sun   item size: 9829742, audio
00:14:51.862 >       Big In Japan   item size: 6892958, audio
00:14:51.866 >       Blue Mesa   item size: 9666929, audio
00:14:51.869 >       Broken Sleep   item size: 7115834, audio
00:14:51.875 >       Carpet Crawl   item size: 12556493, audio
00:14:51.878 >       China Girl   item size: 6706178, audio
00:14:51.882 >       Clocks   item size: 12374596, audio
00:14:51.887 >       Do You Really Want To Hurt Me   item size: 10425164, audio
00:14:51.891 >       Don't Forget About Me   item size: 5705448, audio
00:14:51.897 >       Electric   item size: 10179145, audio
00:14:51.900 >       Enjoy the Silence   item size: 4628781, audio
00:14:51.906 >       Excuse me Mr.   item size: 11797545, audio
00:14:51.910 >       Excuse me Mr.   item size: 11870222, audio
00:14:51.914 >       Forever Young   item size: 4556304, audio
00:14:51.919 >       Go West   item size: 4833196, audio
00:14:51.921 >       Gyöngyhajú lány   item size: 10991944, audio
00:14:51.927 >       Hands Clean   item size: 6528589, audio
00:14:51.931 >       Hell Or High Water   item size: 8833381, audio
00:14:51.935 >       I Feel Good   item size: 2701318, audio
00:14:51.939 >       Incubus Live   item size: 9670576, audio
00:14:51.943 >       It's Amazing   item size: 6273323, audio
00:14:51.947 >       Keep Moving On - Live   item size: 12127204, audio
00:14:51.953 >       Lady In Black   item size: 6774204, audio
00:14:51.958 >       Madrugada - Vocal (Live in Norway)   item size: 10303735, audio
00:14:51.963 >       Majesty live   item size: 14136935, audio
00:14:51.968 >       My Name Is Luka   item size: 7354786, audio
00:14:51.972 >       No Milk Today   item size: 5489679, audio
00:14:51.977 >       On my way to LA (long)   item size: 6695426, audio
00:14:51.981 >       Room With a View   item size: 8140545, audio
00:14:51.986 >       Ruined Heart   item size: 10102568, audio
00:14:51.989 >       Save Me   item size: 7161591, audio
00:14:51.994 >       Sick And Tired   item size: 8348435, audio
00:14:51.998 >       Sick And Tired   item size: 8348435, audio
00:14:52.003 >       Sing   item size: 5434021, audio
00:14:52.006 >       Someone new   item size: 5096159, audio
00:14:52.010 >       The Sound Of Silence [Official Music Video]   item size: 8332259, audio
00:14:52.017 >       Super Girl   item size: 5577366, audio
00:14:52.021 >       Sweet About Me   item size: 5006892, audio
00:14:52.026 >       Talk To Me   item size: 7881646, audio
00:14:52.029 >       Vincent   item size: 8967826, audio
00:14:52.033 >       Vincent   item size: 9102671, audio
00:14:52.037 >       Vocal   item size: 11521263, audio
00:14:52.041 >       Whenever, Wherever   item size: 4789962, audio
00:14:52.045 >       Why Her Not Me   item size: 9367318, audio
00:14:52.049 >       Wicked Games   item size: 4644994, audio
00:14:52.054 >       Working Hard For Your Love   item size: 7438165, audio
00:14:52.059 >       You Got it   item size: 5152689, audio
00:14:52.063 >   Composers/
00:14:52.117 >     U/
00:14:52.184 >       Unknown/
00:14:52.186 >   Titles/
00:14:52.304 >     5/
00:14:52.379 >       500 Miles   item size: 6359038, audio
00:14:52.384 >     7/
00:14:52.447 >       74-75   item size: 6753175, audio
00:14:52.451 >     A/
00:14:52.629 >       Abracadabra   item size: 12353263, audio
00:14:52.634 >       All good things   item size: 12455337, audio
00:14:52.639 >       All Of Me   item size: 8668133, audio
00:14:52.642 >       All This Time   item size: 4177264, audio
00:14:52.646 >       All You Zombies   item size: 8620094, audio
00:14:52.650 >       Always The Sun   item size: 9829742, audio
00:14:52.655 >       Another Love   item size: 9929167, audio
00:14:52.659 >     B/
00:14:52.835 >       Bad Ideas   item size: 6688084, audio
00:14:52.840 >       Because The Night   item size: 8944456, audio
00:14:52.843 >       Big In Japan   item size: 6892958, audio
00:14:52.849 >       Blue Mesa   item size: 9666929, audio
00:14:52.851 >       Blueprint   item size: 7962597, audio
00:14:52.856 >       Born To Be Alive   item size: 6203103, audio
00:14:52.860 >       Broken   item size: 6073871, audio
00:14:52.864 >       Broken Sleep   item size: 7115834, audio
00:14:52.868 >     C/
00:14:52.996 >       Carpet Crawl   item size: 12556493, audio
00:14:53.001 >       China Girl   item size: 6706178, audio
00:14:53.005 >       Clocks   item size: 12374596, audio
00:14:53.009 >       Cripple and the Starfish   item size: 6172531, audio
00:14:53.014 >     D/
00:14:53.159 >       Der Kommissar   item size: 7459426, audio
00:14:53.163 >       Do You Really Want To Hurt Me   item size: 10425164, audio
00:14:53.169 >       Done   item size: 6905292, audio
00:14:53.172 >       Don't Forget About Me   item size: 5705448, audio
00:14:53.177 >       Down To The River   item size: 14473215, audio
00:14:53.182 >       Dutch Mountains   item size: 8555384, audio
00:14:53.186 >     E/
00:14:53.290 >       Electric   item size: 10179145, audio
00:14:53.295 >       Enjoy the Silence   item size: 4628781, audio
00:14:53.299 >       Excuse me Mr.   item size: 11797545, audio
00:14:53.303 >       Excuse me Mr.   item size: 11870222, audio
00:14:53.308 >     F/
00:14:53.376 >       Forever Young   item size: 4556304, audio
00:14:53.381 >       From the land down under   item size: 3542515, audio
00:14:53.386 >     G/
00:14:53.472 >       Go West   item size: 4833196, audio
00:14:53.476 >       A good heart   item size: 9195418, audio
00:14:53.481 >       Gyöngyhajú lány   item size: 10991944, audio
00:14:53.485 >     H/
00:14:53.601 >       Hands Clean   item size: 6528589, audio
00:14:53.605 >       Hell Or High Water   item size: 8833381, audio
00:14:53.610 >       Home   item size: 6157651, audio
00:14:53.614 >       Hotel California   item size: 17327932, audio
00:14:53.619 >     I/
00:14:53.733 >       I Feel Good   item size: 2701318, audio
00:14:53.737 >       I Follow Rivers   item size: 8581856, audio
00:14:53.741 >       Incubus Live   item size: 9670576, audio
00:14:53.745 >       It's Amazing   item size: 6273323, audio
00:14:53.750 >     J/
00:14:53.827 >       Jealous Guy   item size: 7192636, audio
00:14:53.832 >       Just Hold Me   item size: 6199684, audio
00:14:53.836 >     K/
00:14:53.883 >       Keep Moving On - Live   item size: 12127204, audio
00:14:53.889 >     L/
00:14:54.014 >       Lady In Black   item size: 6774204, audio
00:14:54.019 >       Let Her Go   item size: 10143623, audio
00:14:54.023 >       Lose It   item size: 10791332, audio
00:14:54.027 >       Love Hurts   item size: 9284867, audio
00:14:54.031 >     M/
00:14:54.170 >       Madrugada - Vocal (Live in Norway)   item size: 10303735, audio
00:14:54.177 >       Majesty live   item size: 14136935, audio
00:14:54.181 >       Major Tom (German Version)   item size: 3855747, audio
00:14:54.186 >       Material World   item size: 7104618, audio
00:14:54.191 >       A million miles away   item size: 22771074, audio
00:14:54.196 >       My Name Is Luka   item size: 7354786, audio
00:14:54.201 >     N/
00:14:54.301 >       A New Day Has Come   item size: 6251473, audio
00:14:54.306 >       No Milk Today   item size: 5489679, audio
00:14:54.311 >       Nothing Compares 2 U   item size: 7516934, audio
00:14:54.315 >     O/
00:14:54.437 >       On my way to LA (long)   item size: 6695426, audio
00:14:54.443 >       One   item size: 7689152, audio
00:14:54.446 >       One Night in Bangkok   item size: 5003572, audio
00:14:54.451 >       One Of Us Cannot Be Wrong   item size: 14082497, audio
00:14:54.456 >       Our house   item size: 5756679, audio
00:14:54.460 >     P/
00:14:54.517 >       Pure Love   item size: 8441184, audio
00:14:54.522 >     R/
00:14:54.651 >       Ride   item size: 11630482, audio
00:14:54.655 >       Riverside   item size: 5557406, audio
00:14:54.659 >       Room With a View   item size: 8140545, audio
00:14:54.663 >       Ruined Heart   item size: 10102568, audio
00:14:54.668 >     S/
00:14:55.049 >       San Francisco (Be Sure To Wear Flowers In You Hair)   item size: 4341799, audio
00:14:55.057 >       Save Me   item size: 7161591, audio
00:14:55.062 >       Set Fire to the Rain   item size: 9696150, audio
00:14:55.066 >       She Moves   item size: 7784102, audio
00:14:55.070 >       Sick And Tired   item size: 8348435, audio
00:14:55.074 >       Sick And Tired   item size: 8348435, audio
00:14:55.079 >       Sign of the Times   item size: 13667400, audio
00:14:55.083 >       Simple Man   item size: 14386127, audio
00:14:55.087 >       Sing   item size: 5434021, audio
00:14:55.090 >       Slip Away   item size: 8462013, audio
00:14:55.094 >       Someone new   item size: 5096159, audio
00:14:55.099 >       The Sound Of Silence [Official Music Video]   item size: 8332259, audio
00:14:55.105 >       Sounds Like A Melody   item size: 9210144, audio
00:14:55.110 >       Stars   item size: 4746949, audio
00:14:55.114 >       Stay   item size: 9647394, audio
00:14:55.117 >       Streets Of London   item size: 9938320, audio
00:14:55.122 >       Subcity   item size: 9584311, audio
00:14:55.126 >       Summer In The City   item size: 3888715, audio
00:14:55.130 >       Summertime Sadness   item size: 9115457, audio
00:14:55.135 >       Super Girl   item size: 5577366, audio
00:14:55.139 >       Sweet About Me   item size: 5006892, audio
00:14:55.144 >     T/
00:14:55.226 >       Talk To Me   item size: 7881646, audio
00:14:55.230 >       This Is The Life   item size: 4688488, audio
00:14:55.235 >     V/
00:14:55.336 >       Vincent   item size: 8967826, audio
00:14:55.341 >       Vincent   item size: 9102671, audio
00:14:55.344 >       Vocal   item size: 11521263, audio
00:14:55.348 >     W/
00:14:55.493 >       Watermelon Sugar   item size: 4405070, audio
00:14:55.498 >       The Way It Is   item size: 11945276, audio
00:14:55.502 >       What's On Your Mind?   item size: 5861481, audio
00:14:55.507 >       Whenever, Wherever   item size: 4789962, audio
00:14:55.512 >       Why Her Not Me   item size: 9367318, audio
00:14:55.516 >       Wicked Games   item size: 4644994, audio
00:14:55.520 >       Working Hard For Your Love   item size: 7438165, audio
00:14:55.526 >     Y/
00:14:55.593 >       You Got it   item size: 5152689, audio
00:14:55.597 >       Youre In The Army   item size: 11258315, audio
00:14:55.603 >   Random Music/
00:14:57.309 >     Whenever, Wherever   item size: 4789962, audio
00:14:57.314 >     Let Her Go   item size: 10143623, audio
00:14:57.318 >     Big In Japan   item size: 6892958, audio
00:14:57.321 >     Vincent   item size: 8967826, audio
00:14:57.325 >     Always The Sun   item size: 9829742, audio
00:14:57.329 >     Ride   item size: 11630482, audio
00:14:57.333 >     Save Me   item size: 7161591, audio
00:14:57.336 >     Just Hold Me   item size: 6199684, audio
00:14:57.340 >     The Way It Is   item size: 11945276, audio
00:14:57.344 >     Material World   item size: 7104618, audio
00:14:57.349 >     China Girl   item size: 6706178, audio
00:14:57.352 >     Working Hard For Your Love   item size: 7438165, audio
00:14:57.358 >     Bad Ideas   item size: 6688084, audio
00:14:57.361 >     Abracadabra   item size: 12353263, audio
00:14:57.365 >     Excuse me Mr.   item size: 11870222, audio
00:14:57.369 >     Nothing Compares 2 U   item size: 7516934, audio
00:14:57.374 >     A million miles away   item size: 22771074, audio
00:14:57.379 >     Gyöngyhajú lány   item size: 10991944, audio
00:14:57.384 >     Lose It   item size: 10791332, audio
00:14:57.387 >     All This Time   item size: 4177264, audio
00:14:57.391 >     Super Girl   item size: 5577366, audio
00:14:57.395 >     Another Love   item size: 9929167, audio
00:14:57.399 >     Jealous Guy   item size: 7192636, audio
00:14:57.403 >     Hell Or High Water   item size: 8833381, audio
00:14:57.407 >     Madrugada - Vocal (Live in Norway)   item size: 10303735, audio
00:14:57.413 >     Go West   item size: 4833196, audio
00:14:57.417 >     From the land down under   item size: 3542515, audio
00:14:57.423 >     Home   item size: 6157651, audio
00:14:57.425 >     Enjoy the Silence   item size: 4628781, audio
00:14:57.430 >     Keep Moving On - Live   item size: 12127204, audio
00:14:57.436 >     All You Zombies   item size: 8620094, audio
00:14:57.439 >     It's Amazing   item size: 6273323, audio
00:14:57.443 >     Sick And Tired   item size: 8348435, audio
00:14:57.448 >     Youre In The Army   item size: 11258315, audio
00:14:57.452 >     One Night in Bangkok   item size: 5003572, audio
00:14:57.456 >     Room With a View   item size: 8140545, audio
00:14:57.460 >     I Feel Good   item size: 2701318, audio
00:14:57.464 >     One Of Us Cannot Be Wrong   item size: 14082497, audio
00:14:57.470 >     Simple Man   item size: 14386127, audio
00:14:57.473 >     She Moves   item size: 7784102, audio
00:14:57.477 >     Summertime Sadness   item size: 9115457, audio
00:14:57.482 >     Our house   item size: 5756679, audio
00:14:57.487 >     Talk To Me   item size: 7881646, audio
00:14:57.489 >     Love Hurts   item size: 9284867, audio
00:14:57.494 >     Electric   item size: 10179145, audio
00:14:57.497 >     On my way to LA (long)   item size: 6695426, audio
00:14:57.502 >     Because The Night   item size: 8944456, audio
00:14:57.506 >     Lady In Black   item size: 6774204, audio
00:14:57.511 >     Watermelon Sugar   item size: 4405070, audio
00:14:57.515 >     Slip Away   item size: 8462013, audio
00:14:57.519 >     All Of Me   item size: 8668133, audio
00:14:57.523 >     Hotel California   item size: 17327932, audio
00:14:57.527 >     Subcity   item size: 9584311, audio
00:14:57.531 >     Streets Of London   item size: 9938320, audio
00:14:57.535 >     Broken Sleep   item size: 7115834, audio
00:14:57.539 >     Majesty live   item size: 14136935, audio
00:14:57.544 >     Stay   item size: 9647394, audio
00:14:57.546 >     Why Her Not Me   item size: 9367318, audio
00:14:57.550 >     74-75   item size: 6753175, audio
00:14:57.553 >     Dutch Mountains   item size: 8555384, audio
00:14:57.558 >     I Follow Rivers   item size: 8581856, audio
00:14:57.562 >     Summer In The City   item size: 3888715, audio
00:14:57.566 >     One   item size: 7689152, audio
00:14:57.570 >     Forever Young   item size: 4556304, audio
00:14:57.574 >     Broken   item size: 6073871, audio
00:14:57.577 >     Stars   item size: 4746949, audio
00:14:57.581 >     Der Kommissar   item size: 7459426, audio
00:14:57.585 >     My Name Is Luka   item size: 7354786, audio
00:14:57.589 >     A New Day Has Come   item size: 6251473, audio
00:14:57.593 >     This Is The Life   item size: 4688488, audio
00:14:57.599 >     Incubus Live   item size: 9670576, audio
00:14:57.603 >     Sing   item size: 5434021, audio
00:14:57.605 >     Cripple and the Starfish   item size: 6172531, audio
00:14:57.611 >     A good heart   item size: 9195418, audio
00:14:57.615 >     Blue Mesa   item size: 9666929, audio
00:14:57.619 >     Sounds Like A Melody   item size: 9210144, audio
00:14:57.623 >     Excuse me Mr.   item size: 11797545, audio
00:14:57.627 >     Vocal   item size: 11521263, audio
00:14:57.630 >     You Got it   item size: 5152689, audio
00:14:57.634 >     Riverside   item size: 5557406, audio
00:14:57.638 >     Clocks   item size: 12374596, audio
00:14:57.642 >     500 Miles   item size: 6359038, audio
00:14:57.645 >     Wicked Games   item size: 4644994, audio
00:14:57.650 >     Don't Forget About Me   item size: 5705448, audio
00:14:57.654 >     Sign of the Times   item size: 13667400, audio
00:14:57.658 >     Carpet Crawl   item size: 12556493, audio
00:14:57.662 >     Major Tom (German Version)   item size: 3855747, audio
00:14:57.668 >     Done   item size: 6905292, audio
00:14:57.672 >     Vincent   item size: 9102671, audio
00:14:57.674 >     Sick And Tired   item size: 8348435, audio
00:14:57.678 >     Born To Be Alive   item size: 6203103, audio
00:14:57.683 >     Blueprint   item size: 7962597, audio
00:14:57.687 >     Down To The River   item size: 14473215, audio
00:14:57.691 >     No Milk Today   item size: 5489679, audio
00:14:57.695 >     Do You Really Want To Hurt Me   item size: 10425164, audio
00:14:57.701 >     Sweet About Me   item size: 5006892, audio
00:14:57.706 >     Ruined Heart   item size: 10102568, audio
00:14:57.710 >     Someone new   item size: 5096159, audio
00:14:57.714 >     Hands Clean   item size: 6528589, audio
00:14:57.717 >     San Francisco (Be Sure To Wear Flowers In You Hair)   item size: 4341799, audio
00:14:57.724 >   Random Albums/
00:14:57.866 >     Car-CD 3/
00:14:57.929 >       Sweet About Me   item size: 5006892, audio
00:14:57.935 >     Car-CD 5/
00:14:57.995 >       Vincent   item size: 8967826, audio
00:14:58.000 >     Car-CD 2/
00:14:58.098 >       Always The Sun   item size: 9829742, audio
00:14:58.103 >     Car-CD 1/
00:14:58.189 >       Excuse me Mr.   item size: 11797545, audio
00:14:58.194 >       Excuse me Mr.   item size: 11870222, audio
00:14:58.199 >     Car-CD 6/
00:14:58.326 >       Electric   item size: 10179145, audio
00:14:58.332 >       Madrugada - Vocal (Live in Norway)   item size: 10303735, audio
00:14:58.337 >       Majesty live   item size: 14136935, audio
00:14:58.341 >       Vocal   item size: 11521263, audio
00:14:58.345 >       What's On Your Mind?   item size: 5861481, audio
00:14:58.350 >     Car-CD 1/
00:14:58.412 >       Blueprint   item size: 7962597, audio
00:14:58.417 >     Car-CD 3/
00:14:58.506 >       Ride   item size: 11630482, audio
00:14:58.509 >     Car-CD 2/
00:14:58.577 >       You Got it   item size: 5152689, audio
00:14:58.582 >     Car-CD 4/
00:14:58.634 >       Pure Love   item size: 8441184, audio
00:14:58.640 >     Car-CD 4/
00:14:58.711 >       All Of Me   item size: 8668133, audio
00:14:58.717 >   Last Listened/
00:14:58.780 >     Car-CD 1/
00:14:58.836 >       74-75   item size: 6753175, audio
00:14:58.839 >     Car-CD 1/
00:14:58.936 >       Excuse me Mr.   item size: 11797545, audio
00:14:58.941 >       Excuse me Mr.   item size: 11870222, audio
00:14:58.945 >   Last Added Albums/
00:14:59.078 >     Car-CD 4/
00:14:59.138 >       Pure Love   item size: 8441184, audio
00:14:59.143 >     Car-CD 4/
00:14:59.194 >       I Follow Rivers   item size: 8581856, audio
00:14:59.198 >     Car-CD 5/
00:14:59.256 >       Subcity   item size: 9584311, audio
00:14:59.260 >     Car-CD 4/
00:14:59.321 >       Room With a View   item size: 8140545, audio
00:14:59.327 >     Car-CD 5/
00:14:59.387 >       Another Love   item size: 9929167, audio
00:14:59.392 >     Car-CD 4/
00:14:59.454 >       Save Me   item size: 7161591, audio
00:14:59.458 >     Car-CD 4/
00:14:59.513 >       All You Zombies   item size: 8620094, audio
00:14:59.519 >     Car-CD 5/
00:14:59.570 >       Youre In The Army   item size: 11258315, audio
00:14:59.575 >     Car-CD 4/
00:14:59.630 >       Jealous Guy   item size: 7192636, audio
00:14:59.635 >     Car-CD 4/
00:14:59.710 >       Streets Of London   item size: 9938320, audio
00:14:59.714 > Image/
00:14:59.777 >   Albums/
00:14:59.822 >   Folders/
00:14:59.865 >   Year/
00:14:59.909 >   Month/
00:14:59.965 >   Playlists/
00:15:00.004 >   Online/
00:15:00.038 > Video/
00:15:00.176 >   Titles/
00:15:00.224 >     V/
00:15:00.329 >       VideoNr1   item size: 4692350543, video
00:15:00.334 >       VideoNr2   item size: 7675374555, video
00:15:00.338 >   Movies/
00:15:00.396 >   Series/
00:15:00.471 >   Folders/
00:15:00.540 >     Videos/
00:15:00.625 >       VideoNr1.mp4   item size: 4692350543, video
00:15:00.631 >       VideoNr2.mp4   item size: 7675374555, video
00:15:00.635 >   Last Viewed/
00:15:00.684 >   Last Added/
00:15:00.780 >     VideoNr2   item size: 7675374555, video
00:15:00.784 >     VideoNr1   item size: 4692350543, video
00:15:00.788 >   Genres/
00:15:00.830 >     Whatever/
00:15:00.914 >       VideoNr1   item size: 4692350543, video
00:15:00.918 >       VideoNr2   item size: 7675374555, video
00:15:00.921 >   Ratings/
00:15:00.967 >   Duration/
00:15:01.018 >   Actors/
00:15:01.066 >     U/
00:15:01.134 >       Unknown/
00:15:01.136 >   Directors/
00:15:01.180 >     U/
00:15:01.223 >       Unknown/
00:15:01.225 >   Release Years/
00:15:01.294 >     2022/
00:15:01.338 > 
00:15:01.339 > Sketch finished.