18:07:18.610 -> 
18:07:18.610 -> Connecting to WiFi network ......
18:07:21.719 -> Connected successfully. IP address: 192.168.1.44
18:07:21.719 -> 
18:07:21.719 -> ----> server content follows:
18:07:23.069 -> Music/
18:07:23.370 ->   Album/
18:07:24.273 ->     A Night At The Opera/
18:07:24.273 ->     ABBA Greatest Hits/
18:07:24.273 ->     Aha - Best Of/
18:07:24.273 ->     All The Best/
18:07:24.273 ->     American III - Solitary Man/
18:07:24.273 ->     American IV: The Man Comes Around/
18:07:24.273 ->     Amnesiac/
18:07:24.273 ->     An Ancient Muse/
18:07:24.273 ->     Andrea Bocelli: Aria - The Opera Album/
18:07:24.273 ->     Ane Brun Mix/
18:07:24.273 ->     Aqualung [remastered 1996]/
18:07:24.273 ->     Autobahn/
18:07:24.273 ->     Avalon/
18:07:24.273 ->     Ave Maria/
18:07:24.273 ->     Bach: Bach in Einsiedeln - Orgelwerke/
18:07:24.273 ->     Bach: Brandenburgisches Konzert Nr 1 BWV 1046/
18:07:24.273 ->     Bach: Brandenburgisches Konzert Nr 2 BWV 1047/
18:07:24.273 ->     Bach: Brandenburgisches Konzert Nr 3 BWV 1048/
18:07:24.326 ->     Bach: Brandenburgisches Konzert Nr 4 BWV 1049/
18:07:24.326 ->     Bach: Brandenburgisches Konzert Nr 5 BWV 1050/
18:07:24.326 ->     Bach: Brandenburgisches Konzert Nr 6 BWV 1051/
18:07:24.326 ->     Bach: Das Musikalische Opfer BWV 1079/
18:07:24.326 ->     Bach: Flötensonata Es-Dur BWV 1031/
18:07:24.326 ->     Bach: Flötensonate A-Dur BWV 1032/
18:07:24.326 ->     Bach: Flötensonate g-Moll BWV 1020/
18:07:24.326 ->     Bach: Flötensonate h-Moll BWV 1030/
18:07:24.326 ->     Bach: Inventions & Sinfonias (The Two and Three Part Inventions) BWV 772 - 801/
18:07:24.326 ->     Bach: Ouverture Nr 1 BWV 1066/
18:07:24.326 ->     Bach: Ouverture Nr 2 BWV 1067/
18:07:24.326 ->     Bach: Ouverture Nr 3 BWV 1068/
18:07:24.326 ->     Bach: Ouverture Nr 4 BWV 1069/
18:07:24.373 ->     Beethoven:  Konzert für Klavier und Orchester Nr 2 B-dur op 19/
18:07:24.373 ->     Beethoven: Konzert für Klavier und Orchester No 5 Es-dur op 73, 'Emperor'/
18:07:24.373 ->     Beethoven: Konzert für Klavier und Orchester Nr 4 G-dur op 58/
18:07:24.373 ->     Beethoven: Sinfonie Nr 5 c-moll op 67/
18:07:24.373 ->     Beethoven: Sinfonie Nr 8 F-dur op 93/
18:07:24.373 ->     Beethoven: Sinfonie Nr 9 d-Moll op 125/
18:07:24.373 ->     Beethoven: Violinkonzert/
18:07:24.373 ->     Bellini: Trompetenkonzert Es-dur (Transkription des Oboenkonzerts)/
18:07:24.373 ->     Berühmte Opernchöre/
18:07:24.373 ->     Best Of/
18:07:24.373 ->     Bizet: Carmen/
18:07:24.373 ->     Blow/
18:07:24.373 ->     Bob Dylan Greatest Hits/
18:07:24.427 ->     Boccherini: Concerteo No 1 in Es-Dur G 474/
18:07:24.427 ->     Boccherini: Concerteo No 2 in A-Dur G 475/
18:07:24.427 ->     Boccherini: Concerteo No 3 in D-Dur G 476/
18:07:24.427 ->     Boccherini: Concerteo No 8 in C-Dur G 481/
18:07:24.427 ->     Brahms: Ungarische_Tänze/
18:07:24.427 ->     Brothers In Arms/
18:07:24.427 ->     Bury The Hatchet/
18:07:24.427 ->     Car-CD 1/
18:07:24.427 ->     Car-CD 2/
18:07:24.427 ->     Car-CD 3/
18:07:24.427 ->     Car-CD 4/
18:07:24.427 ->     Car-CD 5/
18:07:24.427 ->     Car-CD 6/
18:07:24.427 ->     Carmina Burana/
18:07:24.427 ->     Catfish Rising/
18:07:24.427 ->     Chant Gregorien: Le chant du silence/
18:07:24.427 ->     Chopin: Andante und Polonaise/
18:07:24.427 ->     Chopin: Fantasie in f-moll op. 49/
18:07:24.427 ->     Chopin: Grosse Fantasie/
18:07:24.427 ->     Chopin: Impromptus/
18:07:24.427 ->     Chopin: Klavierkonzert No 2 f-moll, op 21/
18:07:24.473 ->     Chopin: Klavierkonzert Nr 1 e-moll, op 11/
18:07:24.473 ->     Chopin: Klavierkonzert Nr 2 f-moll op 21/
18:07:24.473 ->     Chopin: Konzertrondo/
18:07:24.473 ->     Chopin: Mazurka in a-moll op. 68 No 2/
18:07:24.473 ->     Chopin: Mazurka in As-Dur op. 41 No 4/
18:07:24.473 ->     Chopin: Mazurka in Des-Dur op. 30 No 3/
18:07:24.473 ->     Chopin: Mazurka in f-moll op. 68 No 4/
18:07:24.473 ->     Chopin: Mazurka in g-moll op. 67 No 2/
18:07:24.473 ->     Chopin: Mazurka in gis-moll op. 33 No 1/
18:07:24.473 ->     Chopin: Mazurka in h-moll op. 33 No 4/
18:07:24.473 ->     Chopin: Polonaise in fis-moll op 44/
18:07:24.473 ->     Chopin: Préludes op 28/
18:07:24.527 ->     Chopin: Scherzo No 1 in h-moll op. 20/
18:07:24.527 ->     Chopin: Variationen über ''La ci darem la mano''/
18:07:24.527 ->     Chopin: Walter in a-moll op. 34 No 2/
18:07:24.527 ->     Chopin: Walzer in As-Dur Op. 34 No 1/
18:07:24.527 ->     Chopin: Walzer in As-Dur Op. 69 No 1/
18:07:24.527 ->     Cieli di Toscana/
18:07:24.527 ->     Concerto for Group and Orchestra/
18:07:24.527 ->     Concerto Nr 5 für King Ferdinand IV von Neabel/
18:07:24.527 ->     Creep/
18:07:24.527 ->     Damals hinterm Mond/
18:07:24.527 ->     Die Mensch-Maschine/
18:07:24.527 ->     Die schönen Rosen/
18:07:24.527 ->     Double Concerto/
18:07:24.527 ->     Dvorák: Romance, op. 11/
18:07:24.527 ->     Dvorák: Sinfonie Nr 9 e-moll op. 95 'Aus der Neuen Welt'/
18:07:24.527 ->     Dvorak: Slawische Tänze op. 46/
18:07:24.527 ->     Elements - Best Of/
18:07:24.527 ->     Fight For Your Mind/
18:07:24.574 ->     God Shuffled His Feet/
18:07:24.574 ->     Good As I Been To You/
18:07:24.574 ->     Graceland/
18:07:24.574 ->     Grieg: Klavierkonzert a-moll, Op 16/
18:07:24.574 ->     Grieg: Klavierkonzert a-moll, op. 16/
18:07:24.574 ->   All Tracks/
18:07:26.379 ->     Incantations (Part Four) (Excerpt)  size: 8980877, audio
18:07:26.379 ->     #3  size: 4888376, audio
18:07:26.379 ->     '39  size: 6767626, audio
18:07:26.379 ->     (Are You) The One That I've Been Waiting For  size: 7893662, audio
18:07:26.379 ->     (Are You) The One That I've Been Waiting For?  size: 7920573, audio
18:07:26.379 ->     (I'm always touched by your) Presence dear  size: 5251729, audio
18:07:26.432 ->     (Remember The Days Ff The) Old School Yard  size: 5328165, audio
18:07:26.432 ->     1 Adagio cantabile  size: 6614202, audio
18:07:26.432 ->     1 Adagio cantabile  size: 6214006, audio
18:07:26.432 ->     1 Allegro  size: 9237122, audio
18:07:26.432 ->     1 Allegro assai  size: 11553427, audio
18:07:26.432 ->     1 Allegro Moderato  size: 35577864, audio
18:07:26.432 ->     1 Allegro Moderato  size: 42485696, audio
18:07:26.432 ->     1 Allegro spiritoso  size: 13933698, audio
18:07:26.432 ->     1 Allegro(Cadenza Landowska)-Tempo 1  size: 35062278, audio
18:07:26.432 ->     1 Allegro(Cadenza Mozart)  size: 28875272, audio
18:07:26.432 ->     1 Allegro(Cadenza Mozart-Barenboim)-Tempo 1  size: 26812823, audio
18:07:26.479 ->     1 Allegro(Cadenza Serkin)  size: 35209444, audio
18:07:26.479 ->     1 Ave Maria (Bach-Gounod)  size: 7945148, audio
18:07:26.479 ->     1 Idroduzione  size: 1672869, audio
18:07:26.479 ->     1 Indroduzione  size: 13373639, audio
18:07:26.479 ->     1 Larghetto cantabile  size: 6774077, audio
18:07:26.479 ->     1 Rescuerdos de la Alhambra  size: 7416534, audio
18:07:26.479 ->     1 Romance Antiguo  size: 9816825, audio
18:07:26.479 ->     1 Rorate Caeli  size: 8361341, audio
18:07:26.479 ->     1 Stabat mater dolorosa  size: 23683142, audio
18:07:26.479 ->     1 Toccata  size: 23637282, audio
18:07:26.479 ->     1.  Maestoso  size: 35457851, audio
18:07:26.479 ->     1. Adagio  size: 17608982, audio
18:07:26.533 ->     1. Adagio - Allegro  size: 14002260, audio
18:07:26.533 ->     1. Adagio - Allegro  size: 27435452, audio
18:07:26.533 ->     1. Adagio - Allegro molto  size: 30370718, audio
18:07:26.533 ->     1. Adagio - Presto  size: 20493209, audio
18:07:26.533 ->     1. Adagio - Vivace assai  size: 16329297, audio
18:07:26.533 ->     1. Adagio Cantabile - Vivace assai  size: 23097134, audio
18:07:26.533 ->     1. Adagio è spiccato  size: 3007565, audio
18:07:26.533 ->     1. Adagio maestoso - Allegro con spirito  size: 19991011, audio
18:07:26.533 ->     1. Adagio Sostenuto Assai, Allegro Agitato Assai  size: 19007209, audio
18:07:26.533 ->     1. Allegro  size: 9993739, audio
18:07:26.533 ->     1. Allegro  size: 7056511, audio
18:07:26.533 ->     1. Allegro  size: 9152514, audio
18:07:26.579 ->     1. Allegro  size: 14627167, audio
18:07:26.579 ->     1. Allegro  size: 15501432, audio
18:07:26.579 ->     1. Allegro  size: 10613295, audio
18:07:26.579 ->     1. Allegro  size: 56122438, audio
18:07:26.579 ->     1. Allegro  size: 7409735, audio
18:07:26.579 ->     1. Allegro  size: 51913024, audio
18:07:26.579 ->     1. Allegro  size: 13746954, audio
18:07:26.579 ->     1. Allegro  size: 10981097, audio
18:07:26.579 ->     1. Allegro  size: 11655019, audio
18:07:26.579 ->     1. Allegro  size: 15044434, audio
18:07:26.579 ->     1. Allegro  size: 24768652, audio
18:07:26.579 ->     1. Allegro  size: 9578788, audio
18:07:26.579 ->     1. Allegro affetuoso  size: 38578457, audio
18:07:26.633 ->     1. Allegro assai  size: 17307269, audio
18:07:26.633 ->     1. Allegro Aus Dem Konzert in C-Moll  size: 6641292, audio
18:07:26.633 ->     1. Allegro con brio  size: 18260867, audio
18:07:26.633 ->     1. Allegro con brio  size: 33263053, audio
18:07:26.633 ->     1. Allegro con fermezza  size: 35560208, audio
18:07:26.633 ->     1. Allegro con spirito  size: 14339765, audio
18:07:26.633 ->     1. Allegro con spirito  size: 13850852, audio
18:07:26.633 ->     1. Allegro Ma Non Troppo, Un Poco Maestoso  size: 33574657, audio
18:07:26.633 ->     1. Allegro Maestoso  size: 15040747, audio
18:07:26.633 ->     1. Allegro maestoso  size: 49895551, audio
18:07:26.633 ->     1. Allegro moderato  size: 41330708, audio
18:07:26.633 ->     1. Allegro molto moderato  size: 35701852, audio
18:07:26.680 ->     1. Allegro vivace  size: 28850357, audio
18:07:26.680 ->     1. Allegro vivace e con brio  size: 24821790, audio
18:07:26.680 ->     1. Andante  size: 3791256, audio
18:07:26.680 ->     1. Andante - Allegro ma non troppo  size: 32235867, audio
18:07:26.680 ->     1. C major. Agitato  size: 1645902, audio
18:07:26.680 ->     1. Grave  size: 7156852, audio
18:07:26.680 ->     1. Il Lamento  size: 26067549, audio
18:07:26.680 ->     1. Introitus. Requiem  size: 10869417, audio
18:07:26.680 ->     1. Inventio 1 In C Major, BWV 772  size: 3623133, audio
18:07:26.680 ->     1. Kyrie  size: 3930820, audio
18:07:26.680 ->     1. Kyrie  size: 6256764, audio
18:07:26.680 ->     1. Maestoso  size: 33496201, audio
18:07:26.733 ->     1. Miniature Overture  size: 7850417, audio
18:07:26.733 ->     1. Moderato E Grazioso  size: 7970857, audio
18:07:26.733 ->     1. Molto Allegro  size: 20561066, audio
18:07:26.733 ->     1. Nr 1 D major 'Drei Dutzend Klavierfantasien' (Allegro, Adagio)  size: 9853225, audio
18:07:26.733 ->     1. Ouverture  size: 12024232, audio
18:07:26.733 ->     1. Ouverture  size: 18890257, audio
18:07:26.733 ->     1. Ricercar a 3 (Fortepiano)  size: 15747446, audio
18:07:26.733 ->     1. Spring; Concerto E major, RV269 - Allegro  size: 8540698, audio
18:07:26.733 ->     1. Tableau - Danse Du Rouet Et Scène. Allegro  size: 8486717, audio
18:07:26.733 ->     1. Toccata  size: 7423704, audio
18:07:26.733 ->     1. Waltz  size: 9481218, audio
18:07:26.780 ->     1.Allegro Ma Non Troppo  size: 61034256, audio
18:07:26.780 ->     10 Ave Maria (Mozart)  size: 9473829, audio
18:07:26.780 ->     10 Danza Nr. 1  size: 4037321, audio
18:07:26.780 ->     10 Dialogue  In Song  size: 6138068, audio
18:07:26.780 ->     10 In sempiterna saecula  size: 14401309, audio
18:07:26.780 ->     10 Praeludium (orig. laute)  size: 3817033, audio
18:07:26.780 ->     10 Victimae Paschali  size: 3479571, audio
18:07:26.780 ->     10. (Allegro)  size: 5001474, audio
18:07:26.780 ->     10. Belfast Hornpipe  size: 6339189, audio
18:07:26.780 ->     10. C-sharp minor. Allegro molto  size: 1432756, audio
18:07:26.780 ->     10. Canon perpetuus (Traversflöte, Viline und B. c.)  size: 5507469, audio
18:07:26.833 ->   Artist/
18:07:27.498 ->     - ALL -/
18:07:27.498 ->     A-ha/
18:07:27.498 ->     ABBA/
18:07:27.498 ->     Adele/
18:07:27.498 ->     Agnes Obel/
18:07:27.498 ->     Alanis Morissette/
18:07:27.498 ->     Alle Farben/
18:07:27.498 ->     Alphaville/
18:07:27.498 ->     Amy Macdonald/
18:07:27.498 ->     Anastacia/
18:07:27.498 ->     Ane Brun/
18:07:27.498 ->     Asaf Avidan & The Mojos/
18:07:27.498 ->     Austra/
18:07:27.498 ->     Barclay James Harvest/
18:07:27.498 ->     Ben Harper/
18:07:27.498 ->     Ben Harper & The Innocent Criminals/
18:07:27.535 ->     Bing Austria & The Flippin' Soul Stompers/
18:07:27.535 ->     Blondie/
18:07:27.535 ->     Bob Dylan/
18:07:27.535 ->     Bob Marley & The Wailers/
18:07:27.535 ->     Bruce Hornsby/
18:07:27.535 ->     Bruce Springsteen/
18:07:27.535 ->     Carla Bruni/
18:07:27.535 ->     Cat Stevens/
18:07:27.535 ->     Celine Dion/
18:07:27.535 ->     Choeur Des Moines De L'Abbaye D'En-Calcat/
18:07:27.535 ->     Choeur Des Moines De L'Abbaye De Citeaux/
18:07:27.535 ->     Choeur Des Moines De L'Abbaye De Ligugé/
18:07:27.535 ->     Choeur Des Moines De L'Abbaye De Saint-Wandrille/
18:07:27.535 ->     Choeur Des Moines De L'Abbaye De Sept-Fons/
18:07:27.583 ->     Choeur Des Moines De L'Abbaye De Timadeuc/
18:07:27.583 ->     Choeur Des Moines De L'Abbaye Saint-Pierre De Solesmes/
18:07:27.583 ->     Choeur Grégorien De Paris/
18:07:27.583 ->     Choralschola und Stiftschor des Klosters Einsiedeln/
18:07:27.583 ->     Chris de Burgh/
18:07:27.583 ->     Chris Isaac/
18:07:27.583 ->     Coldplay/
18:07:27.583 ->     Connells/
18:07:27.583 ->     Crash Test Dummies/
18:07:27.583 ->     Crowded House/
18:07:27.583 ->     Culture Club/
18:07:27.583 ->     D. Alberto Lizzio; O: Musici de San Marco/
18:07:27.583 ->     D: Alberto Lizzio; O: Camerata Romana/
18:07:27.583 ->     D: Alfred Scholz; O: Philharmonia Slavonica/
18:07:27.583 ->     D: Alfred Scholz; O: Süddeutsche Philharmonie/
18:07:27.635 ->     D: Anton Nanut; O: Rundfunk-Sinfonie-Orchester Ljubljana/
18:07:27.635 ->     D: Arturo Toscanini/
18:07:27.635 ->     D: Arturo Toscanini; O: NBC Symphony Orchestra; Westminster Choir/
18:07:27.635 ->     D: August Wenzinger; O: Schola Cantorum Basiliensis/
18:07:27.635 ->     D: Bernard Haitink - O:Concertgebouw Orchestra/
18:07:27.635 ->     D: Bernhard Klee, O: Staatskapelle Dresden/
18:07:27.635 ->     D: Carlos Kleiber; O: Bayerisches Staatsorchester/
18:07:27.635 ->     D: Charles Dutoit - O: Orchestre symphonique de Montréal/
18:07:27.635 ->     D: Christopher Hogwood, O: The Academy of Ancient Music/
18:07:27.635 ->     D: Christopher Hogwood; O:The Academy of Ancient Music/
18:07:27.635 ->     D: Claudio Abbado - O: London Symphony Orchestra/
18:07:27.682 ->     D: Claudio Abbado, O: London Symphony Orchestra/
18:07:27.682 ->     D: Clauio Abbado; O: Chicago Symphony Orchestra/
18:07:27.682 ->     D: Dmitri Kitajenko; O: Philharmonic Orchestra/
18:07:27.682 ->     D: Ettore Gracis, O: Solisti dell' Orchestra 'Scarlatti'-Napoli/
18:07:27.682 ->     D: Frans Brüggen; O: Orchestra of the 18th Century/
18:07:27.682 ->     D: Franz Welser-Möst/
18:07:27.682 ->     D: Georg Solti; O: Wiener Philharmoniker/
18:07:27.682 ->     D: Günther Arendt; O: Günther-Arndt-Chor/
18:07:27.682 ->     D: Günther Arndt; O: Berliner Händel-Chor/
18:07:27.682 ->     D: Horst Stein; O: L'Orchestre de la Suisse Romande/
18:07:27.736 ->     D: John Eliot Gardiner; O English Barock Solists/
18:07:27.736 ->     D: Karl Böhm, O: Berliner Philharmoniker/
18:07:27.736 ->     D: Karl Böhm, O: Wiener Philharmoniker/
18:07:27.736 ->     D: Karl Böhm; O: Wiener Philharmoniker/
18:07:27.736 ->     D: Karl Richter; O: Münchener Bach-Orchester/
18:07:27.736 ->     D: Karl Richter; O: Münchener Bach-Orchester, Münchener Bach-Chor/
18:07:27.736 ->     D: Kurt Masur; O: Gewandhausorchester Leipzig/
18:07:27.736 ->     D: Leonard Bernstein, O: Wiener Philharmoniker/
18:07:27.736 ->     D: Leonard Bernstein; O: Concertgebouworkest Amsterdam/
18:07:27.736 ->     D: Leonard Berstein, O: Israel Philharmonic Orchestra/
18:07:27.736 ->     D: Lorin Maazel; O: Wiener Philharmoniker/
18:07:27.736 ->     D: Marko Munih, O: Radio Symphony Orchestra/
18:07:27.783 ->     D: Neville Marriner, O: Academy of St Martin in the Fields/
18:07:27.783 ->     D: Neville Marriner; O: Philharmonia Orchestra/
18:07:27.783 ->     D: Rafael Kubeli, O: Symphonieorchester des Bayerischen Rundfunks/
18:07:27.783 ->     D: Rafael Kubelik, O: Berliner Philharmoniker/
18:07:27.783 ->     D: Rafael Kubelik, O: Symphonie-Orchester des Bayerischen Rundfunks/
18:07:27.783 ->     D: Rafael Kubelik; O: Boston Symphony Orchestra/
18:07:27.783 ->     D: Rafael Kubelik; O: Chor und Symphonie-Orchester des Bayerischen Rundfunks/
18:07:27.783 ->     D: Ricardo Muti; O: Orchestra e coro del Maggio Musicale Fliorentino/
18:07:27.836 ->     D: Riccardo Muti; O: Philharmonia Orchestra/
18:07:27.836 ->     D: Roger Norrington; O: The London Classical Players/
18:07:27.836 ->     D: Seiji Ozawa; O: Boston Symphony Orchestra/
18:07:27.836 ->     D: Simone Pittau; O: London Symphony Orchestra/
18:07:27.836 ->     D: Sir Georg Solti - O: Wiener Philharmoniker/
18:07:27.836 ->     D: Sir Neville Marriner -  O: Academy of St Martin-in-the-Fields/
18:07:27.836 ->     D: Sir Neville Marriner - O: Academy of St Martin-in-the-Fields/
18:07:27.836 ->     D: Sir Neville Marriner, O: London Symphony Orchestra/
18:07:27.836 ->     D: Solti; O: Chicago Symphony Orchestra/
18:07:27.836 ->     D: Suomi Sävelin/
18:07:27.836 ->     D: Trevor Pinnock; O: The English Concert/
18:07:27.836 ->     D: Vladimir Petroschoff; O: Philharmonic Festival Orchestra/
18:07:27.883 ->     David Bowie/
18:07:27.883 ->     Deep Purple/
18:07:27.883 ->   Artist Index/
18:07:27.936 ->     ABC/
18:07:27.936 ->     DEF/
18:07:27.936 ->     GHI/
18:07:27.936 ->     JKL/
18:07:27.936 ->     MNO/
18:07:27.936 ->     PQR/
18:07:27.936 ->     STU/
18:07:27.936 ->     YZ/
18:07:27.936 ->   Artist/Album/
18:07:28.685 ->     - ALL -/
18:07:28.685 ->     A-ha/
18:07:28.685 ->     ABBA/
18:07:28.685 ->     Adele/
18:07:28.685 ->     Agnes Obel/
18:07:28.685 ->     Alanis Morissette/
18:07:28.685 ->     Alle Farben/
18:07:28.685 ->     Alphaville/
18:07:28.685 ->     Amy Macdonald/
18:07:28.685 ->     Anastacia/
18:07:28.685 ->     Ane Brun/
18:07:28.685 ->     Asaf Avidan & The Mojos/
18:07:28.739 ->     Austra/
18:07:28.739 ->     Barclay James Harvest/
18:07:28.739 ->     Ben Harper/
18:07:28.739 ->     Ben Harper & The Innocent Criminals/
18:07:28.739 ->     Bing Austria & The Flippin' Soul Stompers/
18:07:28.739 ->     Blondie/
18:07:28.739 ->     Bob Dylan/
18:07:28.739 ->     Bob Marley & The Wailers/
18:07:28.739 ->     Bruce Hornsby/
18:07:28.739 ->     Bruce Springsteen/
18:07:28.739 ->     Carla Bruni/
18:07:28.739 ->     Cat Stevens/
18:07:28.739 ->     Celine Dion/
18:07:28.739 ->     Choeur Des Moines De L'Abbaye D'En-Calcat/
18:07:28.739 ->     Choeur Des Moines De L'Abbaye De Citeaux/
18:07:28.739 ->     Choeur Des Moines De L'Abbaye De Ligugé/
18:07:28.739 ->     Choeur Des Moines De L'Abbaye De Saint-Wandrille/
18:07:28.739 ->     Choeur Des Moines De L'Abbaye De Sept-Fons/
18:07:28.739 ->     Choeur Des Moines De L'Abbaye De Timadeuc/
18:07:28.739 ->     Choeur Des Moines De L'Abbaye Saint-Pierre De Solesmes/
18:07:28.786 ->     Choeur Grégorien De Paris/
18:07:28.786 ->     Choralschola und Stiftschor des Klosters Einsiedeln/
18:07:28.786 ->     Chris de Burgh/
18:07:28.786 ->     Chris Isaac/
18:07:28.786 ->     Coldplay/
18:07:28.786 ->     Connells/
18:07:28.786 ->     Crash Test Dummies/
18:07:28.786 ->     Crowded House/
18:07:28.786 ->     Culture Club/
18:07:28.786 ->     D. Alberto Lizzio; O: Musici de San Marco/
18:07:28.786 ->     D: Alberto Lizzio; O: Camerata Romana/
18:07:28.786 ->     D: Alfred Scholz; O: Philharmonia Slavonica/
18:07:28.786 ->     D: Alfred Scholz; O: Süddeutsche Philharmonie/
18:07:28.786 ->     D: Anton Nanut; O: Rundfunk-Sinfonie-Orchester Ljubljana/
18:07:28.786 ->     D: Arturo Toscanini/
18:07:28.839 ->     D: Arturo Toscanini; O: NBC Symphony Orchestra; Westminster Choir/
18:07:28.839 ->     D: August Wenzinger; O: Schola Cantorum Basiliensis/
18:07:28.839 ->     D: Bernard Haitink - O:Concertgebouw Orchestra/
18:07:28.839 ->     D: Bernhard Klee, O: Staatskapelle Dresden/
18:07:28.839 ->     D: Carlos Kleiber; O: Bayerisches Staatsorchester/
18:07:28.839 ->     D: Charles Dutoit - O: Orchestre symphonique de Montréal/
18:07:28.839 ->     D: Christopher Hogwood, O: The Academy of Ancient Music/
18:07:28.839 ->     D: Christopher Hogwood; O:The Academy of Ancient Music/
18:07:28.839 ->     D: Claudio Abbado - O: London Symphony Orchestra/
18:07:28.839 ->     D: Claudio Abbado, O: London Symphony Orchestra/
18:07:28.839 ->     D: Clauio Abbado; O: Chicago Symphony Orchestra/
18:07:28.886 ->     D: Dmitri Kitajenko; O: Philharmonic Orchestra/
18:07:28.886 ->     D: Ettore Gracis, O: Solisti dell' Orchestra 'Scarlatti'-Napoli/
18:07:28.886 ->     D: Frans Brüggen; O: Orchestra of the 18th Century/
18:07:28.886 ->     D: Franz Welser-Möst/
18:07:28.886 ->     D: Georg Solti; O: Wiener Philharmoniker/
18:07:28.886 ->     D: Günther Arendt; O: Günther-Arndt-Chor/
18:07:28.886 ->     D: Günther Arndt; O: Berliner Händel-Chor/
18:07:28.886 ->     D: Horst Stein; O: L'Orchestre de la Suisse Romande/
18:07:28.886 ->     D: John Eliot Gardiner; O English Barock Solists/
18:07:28.886 ->     D: Karl Böhm, O: Berliner Philharmoniker/
18:07:28.940 ->     D: Karl Böhm, O: Wiener Philharmoniker/
18:07:28.940 ->     D: Karl Böhm; O: Wiener Philharmoniker/
18:07:28.940 ->     D: Karl Richter; O: Münchener Bach-Orchester/
18:07:28.940 ->     D: Karl Richter; O: Münchener Bach-Orchester, Münchener Bach-Chor/
18:07:28.940 ->     D: Kurt Masur; O: Gewandhausorchester Leipzig/
18:07:28.940 ->     D: Leonard Bernstein, O: Wiener Philharmoniker/
18:07:28.940 ->     D: Leonard Bernstein; O: Concertgebouworkest Amsterdam/
18:07:28.940 ->     D: Leonard Berstein, O: Israel Philharmonic Orchestra/
18:07:28.940 ->     D: Lorin Maazel; O: Wiener Philharmoniker/
18:07:28.940 ->     D: Marko Munih, O: Radio Symphony Orchestra/
18:07:28.940 ->     D: Neville Marriner, O: Academy of St Martin in the Fields/
18:07:28.988 ->     D: Neville Marriner; O: Philharmonia Orchestra/
18:07:28.988 ->     D: Rafael Kubeli, O: Symphonieorchester des Bayerischen Rundfunks/
18:07:28.988 ->     D: Rafael Kubelik, O: Berliner Philharmoniker/
18:07:28.988 ->     D: Rafael Kubelik, O: Symphonie-Orchester des Bayerischen Rundfunks/
18:07:28.988 ->     D: Rafael Kubelik; O: Boston Symphony Orchestra/
18:07:28.988 ->     D: Rafael Kubelik; O: Chor und Symphonie-Orchester des Bayerischen Rundfunks/
18:07:28.988 ->     D: Ricardo Muti; O: Orchestra e coro del Maggio Musicale Fliorentino/
18:07:28.988 ->     D: Riccardo Muti; O: Philharmonia Orchestra/
18:07:28.988 ->     D: Roger Norrington; O: The London Classical Players/
18:07:29.040 ->     D: Seiji Ozawa; O: Boston Symphony Orchestra/
18:07:29.040 ->     D: Simone Pittau; O: London Symphony Orchestra/
18:07:29.040 ->     D: Sir Georg Solti - O: Wiener Philharmoniker/
18:07:29.040 ->     D: Sir Neville Marriner -  O: Academy of St Martin-in-the-Fields/
18:07:29.040 ->     D: Sir Neville Marriner - O: Academy of St Martin-in-the-Fields/
18:07:29.040 ->     D: Sir Neville Marriner, O: London Symphony Orchestra/
18:07:29.040 ->     D: Solti; O: Chicago Symphony Orchestra/
18:07:29.040 ->     D: Suomi Sävelin/
18:07:29.040 ->     D: Trevor Pinnock; O: The English Concert/
18:07:29.040 ->     D: Vladimir Petroschoff; O: Philharmonic Festival Orchestra/
18:07:29.040 ->     David Bowie/
18:07:29.086 ->     Deep Purple/
18:07:29.086 ->   By Folder/
18:07:29.086 ->     Audio/
18:07:29.086 ->   Genre/Album/
18:07:29.488 ->     Alternative/
18:07:29.488 ->     Bläserwerk/
18:07:29.488 ->     Blockflötenkonzert/
18:07:29.488 ->     Blues/
18:07:29.488 ->     Celtic/
18:07:29.488 ->     Cembalokonzert/
18:07:29.488 ->     Classic Rock/
18:07:29.488 ->     Country/
18:07:29.488 ->     Dance/
18:07:29.488 ->     Deutsch-Rock/
18:07:29.488 ->     Disco + 80/
18:07:29.488 ->     Electronic/
18:07:29.488 ->     Fagottkonzert/
18:07:29.488 ->     Flöten- und Harfenkonzert/
18:07:29.541 ->     Flötenkonzert/
18:07:29.541 ->     Flötenwerk/
18:07:29.541 ->     Folk/
18:07:29.541 ->     Folk Rock/
18:07:29.541 ->     General Indie Pop/
18:07:29.541 ->     Gesang/
18:07:29.541 ->     Gitarrenwerk/
18:07:29.541 ->     Gregorian/
18:07:29.541 ->     Indie/
18:07:29.541 ->     Industrial/
18:07:29.541 ->     Instrumentalwerk/
18:07:29.541 ->     Italo Rock/
18:07:29.541 ->     Kammermusik/
18:07:29.541 ->     Kirchenmusik/
18:07:29.541 ->     Kirchenwerk/
18:07:29.541 ->     Klarinettenkonzert/
18:07:29.541 ->     Klavierkonzert/
18:07:29.541 ->     Klavierwerk/
18:07:29.541 ->     Kyrie/
18:07:29.541 ->     Messe/
18:07:29.541 ->     Musikspiel/
18:07:29.541 ->     National Folk/
18:07:29.541 ->     NDW/
18:07:29.541 ->     New Age/
18:07:29.541 ->     Oboenkonzert/
18:07:29.541 ->     Oldies/
18:07:29.541 ->     Oper/
18:07:29.541 ->     Orchesterwerk/
18:07:29.541 ->     Orgelwerk/
18:07:29.541 ->     Ouverture/
18:07:29.541 ->     Pop/
18:07:29.541 ->     Pop/Rock/
18:07:29.541 ->     Progressive Rock/
18:07:29.541 ->     Requiem/
18:07:29.541 ->     Rock/
18:07:29.541 ->     Schauspielmusik/
18:07:29.541 ->     Serenade/
18:07:29.541 ->     Sinfonie/
18:07:29.588 ->     Sinfonische Dichtung/
18:07:29.588 ->     Sinfonische Suite/
18:07:29.588 ->     Sonate/
18:07:29.588 ->     Suite/
18:07:29.588 ->     Symphonic Rock/
18:07:29.588 ->     szenische Kantate/
18:07:29.588 ->     Tänze/
18:07:29.588 ->     Trompetenkonzert/
18:07:29.588 ->     Trompetenwerk/
18:07:29.588 ->     Unknown/
18:07:29.588 ->     Violine&Gitarre/
18:07:29.588 ->     Violinkonzert/
18:07:29.588 ->     Violinwerk/
18:07:29.588 ->     Violoncello-Konzert/
18:07:29.588 ->   Genre/Artist/
18:07:29.989 ->     - ALL -/
18:07:29.989 ->     Alternative/
18:07:29.989 ->     Bläserwerk/
18:07:29.989 ->     Blockflötenkonzert/
18:07:29.989 ->     Blues/
18:07:29.989 ->     Celtic/
18:07:29.989 ->     Cembalokonzert/
18:07:29.989 ->     Classic Rock/
18:07:30.043 ->     Country/
18:07:30.043 ->     Dance/
18:07:30.043 ->     Deutsch-Rock/
18:07:30.043 ->     Disco + 80/
18:07:30.043 ->     Electronic/
18:07:30.043 ->     Fagottkonzert/
18:07:30.043 ->     Flöten- und Harfenkonzert/
18:07:30.043 ->     Flötenkonzert/
18:07:30.043 ->     Flötenwerk/
18:07:30.043 ->     Folk/
18:07:30.043 ->     Folk Rock/
18:07:30.043 ->     General Indie Pop/
18:07:30.043 ->     Gesang/
18:07:30.043 ->     Gitarrenwerk/
18:07:30.043 ->     Gregorian/
18:07:30.043 ->     Indie/
18:07:30.043 ->     Industrial/
18:07:30.043 ->     Instrumentalwerk/
18:07:30.043 ->     Italo Rock/
18:07:30.043 ->     Kammermusik/
18:07:30.043 ->     Kirchenmusik/
18:07:30.043 ->     Kirchenwerk/
18:07:30.043 ->     Klarinettenkonzert/
18:07:30.043 ->     Klavierkonzert/
18:07:30.043 ->     Klavierwerk/
18:07:30.043 ->     Kyrie/
18:07:30.043 ->     Messe/
18:07:30.043 ->     Musikspiel/
18:07:30.043 ->     National Folk/
18:07:30.043 ->     NDW/
18:07:30.043 ->     New Age/
18:07:30.043 ->     Oboenkonzert/
18:07:30.043 ->     Oldies/
18:07:30.043 ->     Oper/
18:07:30.043 ->     Orchesterwerk/
18:07:30.043 ->     Orgelwerk/
18:07:30.092 ->     Ouverture/
18:07:30.092 ->     Pop/
18:07:30.092 ->     Pop/Rock/
18:07:30.092 ->     Progressive Rock/
18:07:30.092 ->     Requiem/
18:07:30.092 ->     Rock/
18:07:30.092 ->     Schauspielmusik/
18:07:30.092 ->     Serenade/
18:07:30.092 ->     Sinfonie/
18:07:30.092 ->     Sinfonische Dichtung/
18:07:30.092 ->     Sinfonische Suite/
18:07:30.092 ->     Sonate/
18:07:30.092 ->     Suite/
18:07:30.092 ->     Symphonic Rock/
18:07:30.092 ->     szenische Kantate/
18:07:30.092 ->     Tänze/
18:07:30.092 ->     Trompetenkonzert/
18:07:30.092 ->     Trompetenwerk/
18:07:30.092 ->     Unknown/
18:07:30.092 ->     Violine&Gitarre/
18:07:30.092 ->     Violinkonzert/
18:07:30.092 ->     Violinwerk/
18:07:30.092 ->     Violoncello-Konzert/
18:07:30.092 ->   Genre/Song/
18:07:30.443 ->     Alternative/
18:07:30.443 ->     Bläserwerk/
18:07:30.443 ->     Blockflötenkonzert/
18:07:30.443 ->     Blues/
18:07:30.443 ->     Celtic/
18:07:30.443 ->     Cembalokonzert/
18:07:30.443 ->     Classic Rock/
18:07:30.443 ->     Country/
18:07:30.443 ->     Dance/
18:07:30.443 ->     Deutsch-Rock/
18:07:30.443 ->     Disco + 80/
18:07:30.443 ->     Electronic/
18:07:30.443 ->     Fagottkonzert/
18:07:30.443 ->     Flöten- und Harfenkonzert/
18:07:30.443 ->     Flötenkonzert/
18:07:30.443 ->     Flötenwerk/
18:07:30.443 ->     Folk/
18:07:30.443 ->     Folk Rock/
18:07:30.443 ->     General Indie Pop/
18:07:30.443 ->     Gesang/
18:07:30.443 ->     Gitarrenwerk/
18:07:30.443 ->     Gregorian/
18:07:30.443 ->     Indie/
18:07:30.443 ->     Industrial/
18:07:30.443 ->     Instrumentalwerk/
18:07:30.443 ->     Italo Rock/
18:07:30.443 ->     Kammermusik/
18:07:30.443 ->     Kirchenmusik/
18:07:30.443 ->     Kirchenwerk/
18:07:30.443 ->     Klarinettenkonzert/
18:07:30.490 ->     Klavierkonzert/
18:07:30.490 ->     Klavierwerk/
18:07:30.490 ->     Kyrie/
18:07:30.490 ->     Messe/
18:07:30.490 ->     Musikspiel/
18:07:30.490 ->     National Folk/
18:07:30.490 ->     NDW/
18:07:30.490 ->     New Age/
18:07:30.490 ->     Oboenkonzert/
18:07:30.490 ->     Oldies/
18:07:30.490 ->     Oper/
18:07:30.490 ->     Orchesterwerk/
18:07:30.490 ->     Orgelwerk/
18:07:30.490 ->     Ouverture/
18:07:30.490 ->     Pop/
18:07:30.490 ->     Pop/Rock/
18:07:30.490 ->     Progressive Rock/
18:07:30.490 ->     Requiem/
18:07:30.490 ->     Rock/
18:07:30.490 ->     Schauspielmusik/
18:07:30.490 ->     Serenade/
18:07:30.490 ->     Sinfonie/
18:07:30.490 ->     Sinfonische Dichtung/
18:07:30.490 ->     Sinfonische Suite/
18:07:30.490 ->     Sonate/
18:07:30.490 ->     Suite/
18:07:30.490 ->     Symphonic Rock/
18:07:30.490 ->     szenische Kantate/
18:07:30.490 ->     Tänze/
18:07:30.490 ->     Trompetenkonzert/
18:07:30.490 ->     Trompetenwerk/
18:07:30.490 ->     Unknown/
18:07:30.524 ->     Violine&Gitarre/
18:07:30.524 ->     Violinkonzert/
18:07:30.524 ->     Violinwerk/
18:07:30.524 ->     Violoncello-Konzert/
18:07:30.524 ->   Personal rating/
18:07:30.524 ->     */
18:07:30.559 ->     *****/
18:07:30.559 ->   Playlists/
18:07:30.606 ->     Most Played/
18:07:30.606 ->     Last Played/
18:07:30.606 ->     Recently Added/
18:07:30.606 ->     Highly Rated/
18:07:30.606 ->     Ouverturen/
18:07:30.606 ->     Unbenannte Liste/
18:07:30.606 -> Photos/
18:07:30.690 ->   Album/
18:07:31.145 ->     Academy_of_Ancient_Music/
18:07:31.145 ->     Adagio_und_Fuge/
18:07:31.145 ->     Alpensinfonie/
18:07:31.145 ->     Andante_für_Flöte/
18:07:31.145 ->     Ane Brun/
18:07:31.145 ->     Ave_Maria/
18:07:31.145 ->     Ave_verum_corpus/
18:07:31.145 ->     Bach_in_Einsiedeln/
18:07:31.145 ->     Bilder_einer_Ausstellung/
18:07:31.192 ->     Bilder_einer_Ausstellung_einzelne_Tracks/
18:07:31.192 ->     Blockflötenkonzert/
18:07:31.192 ->     Bocelli_Cieli_di_Toscana/
18:07:31.192 ->     Bocelli_The_Opera_Album/
18:07:31.192 ->     Bolero_Abbado/
18:07:31.192 ->     Bolero_Ozawa/
18:07:31.192 ->     Capricio_Espagnol/
18:07:31.192 ->     Carmen/
18:07:31.192 ->     Carmina_Burana/
18:07:31.192 ->     Celli/
18:07:31.192 ->     Chorgesänge/
18:07:31.192 ->     Concertino_für_Oboe/
18:07:31.192 ->     Concerto_1/
18:07:31.192 ->     Concerto_2/
18:07:31.192 ->     Concerto_3/
18:07:31.192 ->     Concerto_8/
18:07:31.192 ->     Concerto_a-moll/
18:07:31.192 ->     Concerto_C-Dur_PV78/
18:07:31.192 ->     Concerto_C-Dur_PV79/
18:07:31.192 ->     Concerto_c-moll/
18:07:31.192 ->     Concerto_Nr-5/
18:07:31.192 ->     Corea-Chick/
18:07:31.192 ->     Die_Moldau/
18:07:31.192 ->     Divertimento_KV136/
18:07:31.245 ->     Divertimento_KV137/
18:07:31.245 ->     Divertimento_KV138/
18:07:31.245 ->     Doppelkonzert_Flöte_Harfe/
18:07:31.245 ->     Eine_kleine_Nachtmusik_1971/
18:07:31.245 ->     Eine_kleine_Nachtmusik_1974/
18:07:31.245 ->     Esxultate_jubilate/
18:07:31.245 ->     Etudes_de_concert/
18:07:31.245 ->     Fagottkonzert/
18:07:31.245 ->     Fantasien_für_Cembalo/
18:07:31.245 ->     Feuerwerksmusik/
18:07:31.245 ->     Flötenkonzert/
18:07:31.245 ->     Galway_Dances_for_Flute/
18:07:31.245 ->     Glenn-Gould_Edition/
18:07:31.245 ->     Gould_Inventions/
18:07:31.245 ->     Gregorianische_Gesänge/
18:07:31.245 ->     Griffes-Charles_1884-1920/
18:07:31.245 ->     Gulda-Friedrich/
18:07:31.245 ->     Impromptus/
18:07:31.245 ->     Karelia_Suite/
18:07:31.245 ->     Klarinettenkonzert/
18:07:31.245 ->     Klavierkonzert/
18:07:31.245 ->     Klavierkonzert_Nr-1/
18:07:31.245 ->     Klavierkonzert_Nr-15/
18:07:31.245 ->     Klavierkonzert_Nr-17/
18:07:31.292 ->     Klavierkonzert_Nr-1_Arrau/
18:07:31.292 ->     Klavierkonzert_Nr-2/
18:07:31.292 ->     Klavierkonzert_Nr-20/
18:07:31.292 ->     Klavierkonzert_Nr-21/
18:07:31.292 ->     Klavierkonzert_Nr-22/
18:07:31.292 ->     Klavierkonzert_Nr-24/
18:07:31.292 ->     Klavierkonzert_Nr-26/
18:07:31.292 ->     Klavierkonzert_Nr-27/
18:07:31.292 ->     Klavierkonzert_Nr-2_Arrau/
18:07:31.292 ->     Klavierkonzert_Nr-2_Pogorerlich/
18:07:31.292 ->     Klavierkonzert_Nr-4/
18:07:31.292 ->     Klavierkonzert_Nr-5/
18:07:31.292 ->     Klavierkonzert_op16_Arrau/
18:07:31.292 ->     Klavierkonzert_op16_Ousset/
18:07:31.292 ->     Klavierkonzert_op54/
18:07:31.292 ->     Klavier_Doppelkonzert/
18:07:31.292 ->     Konzert_1/
18:07:31.292 ->     Konzert_2/
18:07:31.292 ->     Konzert_3/
18:07:31.292 ->     Konzert_4/
18:07:31.292 ->     Konzert_5/
18:07:31.346 ->     Konzert_6/
18:07:31.346 ->     Konzert_C-Dur_PV537/
18:07:31.346 ->     Konzert_C-Dur_PV75/
18:07:31.346 ->     Konzert_c-moll_Holliger/
18:07:31.346 ->     Konzert_c-moll_Williams/
18:07:31.346 ->     Konzert_D-dur/
18:07:31.346 ->     Konzert_d-moll/
18:07:31.346 ->     Konzert_e-moll/
18:07:31.346 ->     Konzert_Es-Dur/
18:07:31.346 ->     Konzert_f-moll/
18:07:31.346 ->     Korngold-Erich_1897-1957/
18:07:31.346 ->     Krönungsmesse/
18:07:31.346 ->     Kyrie/
18:07:31.346 ->     Lang-Lang_Dreams-of-China/
18:07:31.346 ->     La_Traviata/
18:07:31.346 ->     Liebe_zu_3_Orangen/
18:07:31.346 ->     Lieutenant_Kijé/
18:07:31.346 ->     Mandolinen/
18:07:31.346 ->     Ma_Mère_l'Oye/
18:07:31.346 ->     Mein_Vaterland/
18:07:31.346 ->     Messa_da_Requiem/
18:07:31.346 ->     Musici_di_San_Marco/
18:07:31.346 ->   All Photos/
18:07:32.912 ->     - Aria- The Opera Album  size: 25367, image
18:07:32.912 ->     - Ave Maria (Beliebte Chore)  size: 89102, image
18:07:32.912 ->     - Beliebte Ouvertüren  size: 22428, image
18:07:32.912 ->     - Beliebte Ouvertüren, Volume I  size: 22428, image
18:07:32.912 ->     - Cieli di Toscana  size: 26507, image
18:07:32.912 ->     - Dreams of China  size: 23761, image
18:07:32.912 ->     - Le Chant Du Silence  size: 28805, image
18:07:32.912 ->     - Salve Regina - Vesper zum Fest Mariä Himmelfahrt  size: 77213, image
18:07:32.912 ->     - The Glenn Gould Edition- Byrd, Gibbons, Sweelinck  size: 11652, image
18:07:32.950 ->     - The Violin Player  size: 7902, image
18:07:32.950 ->     Ane Brun  size: 12488, image
18:07:32.950 ->     Antonio Vivaldi - Vivaldi_Vier_Jahreszeiten  size: 84718, image
18:07:32.950 ->     Bach_Flötensonate_Es-Dur  size: 13384, image
18:07:32.950 ->     Bach_Flute_Sonatas  size: 13384, image
18:07:32.950 ->     Bach_Flute_Sonatas  size: 13384, image
18:07:32.950 ->     Bach_Flute_Sonatas  size: 13384, image
18:07:32.950 ->     Bach_in_Einsiedeln  size: 11522, image
18:07:32.997 ->     Beethoven Ludwig van - Beethoven-Sinfonie_No_9  size: 80949, image
18:07:32.997 ->     Beethoven_KK2_4_Pollini  size: 16666, image
18:07:32.997 ->     Beethoven_KK2_4_Pollini  size: 16666, image
18:07:32.997 ->     Beethoven_KK_5  size: 12071, image
18:07:32.997 ->     Beethoven_Sinfonie-5  size: 54007, image
18:07:32.997 ->     Beethoven_Sinfonie-No-8  size: 54007, image
18:07:32.997 ->     Bellini Trompetenkonzert  size: 13233, image
18:07:32.997 ->     Berühmte_Opernchöre  size: 12424, image
18:07:32.997 ->     Boccherini Luigi - Boccherini - 12 Concerti il Violoncello  size: 11033, image
18:07:32.997 ->     Boccherini Luigi - Boccherini - 12 Concerti il Violoncello  size: 11033, image
18:07:33.050 ->     Boccherini Luigi - Boccherini - 12 Concerti il Violoncello  size: 11033, image
18:07:33.050 ->     Boccherini Luigi - Boccherini - 12 Concerti il Violoncello  size: 11033, image
18:07:33.050 ->     Car-CD  size: 85644, image
18:07:33.050 ->     Car-CD  size: 85644, image
18:07:33.050 ->     Car-CD  size: 85644, image
18:07:33.050 ->     Car-CD  size: 85644, image
18:07:33.050 ->     Car-CD  size: 85644, image
18:07:33.050 ->     Car-CD  size: 85644, image
18:07:33.050 ->     Carl Orff - Carmina Burana  size: 13849, image
18:07:33.050 ->     Chopin_2_Benedetti  size: 12936, image
18:07:33.050 ->     Dovrak_Romance  size: 9691, image
18:07:33.050 ->     DvořákAntonín - Dvořák Symphonie Nr 9 - 3 Slawische Tänze  size: 83785, image
18:07:33.097 ->     DvořákAntonín - Dvořák Symphonie Nr 9 - 3 Slawische Tänze  size: 83785, image
18:07:33.097 ->     Felix Mendelssohn - A Midsummer Night's Dream  size: 22406, image
18:07:33.097 ->     Franz Schubert - Schubert_Symponien_No_8_5  size: 50920, image
18:07:33.097 ->     Franz Schubert - Schubert_Symponien_No_8_5  size: 50920, image
18:07:33.097 ->     Frédéric Chopin - Chopin Klavierkonzert Nr 2  size: 75645, image
18:07:33.097 ->     Frédéric Chopin - Chopin Klavierkonzert Nr 2  size: 75645, image
18:07:33.097 ->     Frédéric Chopin - Chopin Werke für Klavier und Orchester - CD2  size: 10151, image
18:07:33.097 ->     Frédéric Chopin - Chopin Werke für Klavier und Orchester - CD2  size: 10151, image
18:07:33.150 ->     Frédéric Chopin - Chopin Werke für Klavier und Orchester - CD2  size: 10151, image
18:07:33.150 ->     Frédéric Chopin - Chopin Werke für Klavier und Orchester - CD2  size: 10151, image
18:07:33.150 ->     Frédéric Chopin - Chopin_Preludes  size: 51813, image
18:07:33.150 ->     Galway_Dances_for_Flute  size: 8506, image
18:07:33.150 ->     Georg Friedrich Händel - Feuerwerksmusik  size: 56342, image
18:07:33.150 ->     Georg Friedrich Händel - Wassermusik  size: 56342, image
18:07:33.150 ->     Georg Philipp Telemann - Oboenkonzert - Konzert in c-moll  size: 68659, image
18:07:33.150 ->     Georg Philipp Telemann - Oboenkonzert - Konzert in D-dur  size: 68659, image
18:07:33.197 ->     Georg Philipp Telemann - Oboenkonzert - Konzert in d-moll  size: 68659, image
18:07:33.197 ->     Georg Philipp Telemann - Oboenkonzert - Konzert in e-moll  size: 68659, image
18:07:33.197 ->     Georg Philipp Telemann - Oboenkonzert - Konzert in f-moll  size: 68659, image
18:07:33.197 ->     Georges Bizet - Bizet_Carmen  size: 16602, image
18:07:33.197 ->     Gioachino Rossini - Rossini_Overtures  size: 30232, image
18:07:33.197 ->     Gioachino Rossini - Stabat Mater  size: 14581, image
18:07:33.197 ->     Giuseppe Verdi - Verdi - Nabucco CD1  size: 298780, image
18:07:33.250 ->     Glenn Gould Edition  size: 11652, image
18:07:33.250 ->     Gould_Bach_Inventions  size: 5754, image
18:07:33.250 ->     Grieg_Klavierkonzert  size: 9586, image
18:07:33.250 ->     Grieg_Klavierkonzert_op16  size: 9094, image
18:07:33.250 ->     Grieg_Peer_Gynt  size: 7203, image
18:07:33.250 ->     Griffes Roman Sketches  size: 8767, image
18:07:33.250 ->     Gustav Mahler - Mahler- Symphonie No 1 ''Der Titan''  size: 6492, image
18:07:33.250 ->     Händel_Trompetenkonzert  size: 21673, image
18:07:33.250 ->     Händel_Trompetenkonzert  size: 21673, image
18:07:33.250 ->     Haydn Trompetenkonzert  size: 13233, image
18:07:33.250 ->     Haydn_Symphonien_100_104  size: 9043, image
18:07:33.250 ->     Haydn_Symphonien_100_104  size: 9043, image
18:07:33.250 ->     Haydn_Trompetenkonzert  size: 21673, image
18:07:33.297 ->     Haydn_Trompetenkonzert  size: 21673, image
18:07:33.297 ->     Hummel Trompetenwerke  size: 13233, image
18:07:33.297 ->     Jacques Ibert - Flötenkonzert  size: 62477, image
18:07:33.297 ->     Jacques Ibert - Piece de flute  size: 62477, image
18:07:33.297 ->     Jean Sibelius - Sibelius - Beautiful Songs for Choir  size: 8951, image
18:07:33.297 ->     Johann Nepomuk Hummel - Concertine für Flöte  size: 9543, image
18:07:33.297 ->     Johann Nepomuk Hummel - Oktett-Parthia  size: 9543, image
18:07:33.297 ->     Johann Nepomuk Hummel - Sektett für Bläser  size: 9543, image
18:07:33.297 ->     Johann Nepomuk Hummel - Serenade für Bläseroktett  size: 9543, image
18:07:33.350 ->     Johann Sebastian Bach - Bach_Das Musikalische Opfer  size: 59818, image
18:07:33.350 ->     Johann Sebastian Bach - Brandenburgisches Konzert No 1  size: 25362, image
18:07:33.350 ->     Johann Sebastian Bach - Brandenburgisches Konzert No 2  size: 25362, image
18:07:33.350 ->     Johann Sebastian Bach - Brandenburgisches Konzert No 3  size: 25362, image
18:07:33.350 ->     Johann Sebastian Bach - Brandenburgisches Konzert No 4  size: 25362, image
18:07:33.350 ->     Johann Sebastian Bach - Brandenburgisches Konzert No 5  size: 25362, image
18:07:33.350 ->     Johann Sebastian Bach - Brandenburgisches Konzert No 6  size: 25362, image
18:07:33.397 ->     Johann Sebastian Bach - Ouvertüren No 1  size: 25362, image
18:07:33.397 ->     Johann Sebastian Bach - Ouvertüren No 2  size: 25362, image
18:07:33.397 ->     Johann Sebastian Bach - Ouvertüren No 3  size: 25362, image
18:07:33.397 ->     Johann Sebastian Bach - Ouvertüren No 4  size: 25362, image
18:07:33.397 ->     Johannes Brahms - Brahms_Ungarische_Tänze  size: 21856, image
18:07:33.397 ->     Joseph Haydn - Haydn - Symphonies No. 99 & 101  size: 6513, image
18:07:33.397 ->     Joseph Haydn - Haydn - Symphonies No. 99 & 101  size: 6513, image
18:07:33.397 ->     Joseph Haydn - Haydn - Symphonies No. 99 & 101  size: 6513, image
18:07:33.451 ->     Joseph Haydn - Haydn - Symphonies No. 99 & 101  size: 6513, image
18:07:33.451 ->   By Date/
18:07:33.451 ->     - ALL -/
18:07:33.451 ->     2010/
18:07:33.451 ->     2017/
18:07:33.451 ->     2019/
18:07:33.451 ->     2020/
18:07:33.451 ->   By Folder/
18:07:33.498 ->     Audio/
18:07:33.498 ->   By Year/
18:07:33.551 ->     2010/
18:07:33.551 ->     2017/
18:07:33.551 ->     2019/
18:07:33.551 ->     2020/
18:07:33.551 ->   Slideshows/
18:07:33.551 ->     Recently Added/
18:07:33.551 -> 
18:07:33.551 -> Some ESP32 memory stats after running this sketch:
18:07:33.551 ->  1) minimum ever free memory of all regions [in bytes]: 197516
18:07:33.551 ->  2) minimum ever free heap size [in bytes]:             143744
18:07:33.551 ->  3) minimum ever stack size of this task [in bytes]:    5896
18:07:33.598 -> 
18:07:33.598 -> Sketch finished.
