--- Terminal on COM7 | 115200 8-N-1
--- Available filters and text transformations: colorize, debug, default, direct, esp32_exception_decoder, hexlify, log2file, nocontrol, printable, send_on_enter, time
--- More details at https://bit.ly/pio-monitor-filters
--- Quit: Ctrl+C | Menu: Ctrl+T | Help: Ctrl+T followed by Ctrl+H
23:48:42.853 >
23:48:42.853 > Initializing Ethernet...DHCP ok.
23:48:46.830 > Local IP: 192.168.1.43
23:48:46.832 >
23:48:46.833 > Scanning local network for DLNA media servers...
23:49:37.008 > Number of discovered servers that deliver content: 3
23:49:37.012 >
23:49:37.012 > Server[0]: IP address: 192.168.1.40, port: 8895, name: Serviio (Virtual-Win10)
23:49:37.070 > Browsing root directory. Number of sub-directories: 3
23:49:37.074 >  Audio (child count: 14)
23:49:37.077 >  Image (child count: 7)
23:49:37.080 >  Video (child count: 12)
23:49:37.081 >
23:49:37.081 > Server[1]: IP address: 192.168.1.40, port: 5001, name: Universal Media Server
23:49:37.273 > Browsing root directory. Number of sub-directories: 3
23:49:37.278 >  Music (child count: 1)
23:49:37.280 >  Videos (child count: 1)
23:49:37.284 >  Web (child count: 2)
23:49:37.286 >
23:49:37.286 > Server[2]: IP address: 192.168.1.11, port: 9000, name: Twonky [QNAP-TS253D]
23:49:37.337 > Browsing root directory. Number of sub-directories: 2
23:49:37.342 >  Music (child count: 5)
23:49:37.344 >  Videos (child count: 3)
23:49:37.347 >
23:49:37.347 >
23:49:37.347 > Sketch finished.