--- Terminal on COM7 | 115200 8-N-1
--- Available filters and text transformations: colorize, debug, default, direct, esp32_exception_decoder, hexlify, log2file, nocontrol, printable, send_on_enter, time
--- More details at https://bit.ly/pio-monitor-filters
--- Quit: Ctrl+C | Menu: Ctrl+T | Help: Ctrl+T followed by Ctrl+H
23:07:17.277 >
23:07:17.277 > Connecting to WiFi network .
23:07:17.277 > Connected successfully. IP address: 192.168.1.46
23:07:17.277 >
23:07:17.277 > Initializing SD card...done. Opening file on SD was successful.
23:07:17.614 > Scanning local network for DLNA media servers...
23:08:17.867 > Number of discovered servers that deliver content: 4
23:08:17.872 >
23:08:17.872 > Please be patient, searching audio file on server: Serviio (Virtual-Win10)
23:08:25.347 > Audio file was found:
23:08:25.350 >  name: "74-75", id: A_R^S*29, size: 6753175
23:08:25.354 >  URI: resource/29/MEDIA_ITEM/MP3-0/ORIGINAL
23:08:25.405 > Download request granted from server, announced file size: 6753175
23:08:25.411 > Start copying file from server to SD, please wait.
23:08:25.807 > .............................................................................................................................................................................................................................................................................................................................................................................................................................................................................................................................................................................................................................................................................................................................................................................................................................................................................................................................................................................................................................................................................................................................................................................................................................................................................................................................................................................................................................................................................................................................................................................................................................................................
23:08:54.540 >
23:08:54.541 > File download was successful.
23:08:54.543 > Closing file on SD.
23:08:54.654 > 
23:08:54.655 > Sketch finished.