20:00:33.138 > ets Jun  8 2016 00:22:57
20:00:33.141 > 
20:00:33.141 > rst:0x1 (POWERON_RESET),boot:0x13 (SPI_FAST_FLASH_BOOT)
20:00:33.145 > configsip: 0, SPIWP:0xee
20:00:33.148 > clk_drv:0x00,q_drv:0x00,d_drv:0x00,cs0_drv:0x00,hd_drv:0x00,wp_drv:0x00
20:00:33.154 > mode:DIO, clock div:2
20:00:33.156 > load:0x3fff0030,len:1184
20:00:33.158 > load:0x40078000,len:13192
20:00:33.160 > load:0x40080400,len:3028
20:00:33.162 > entry 0x400805e4
20:00:33.528 > 
20:00:33.528 > Connecting to WiFi network .E (617) wifi:Association refused temporarily, comeback time 1024 mSec
20:00:34.161 > ....[  2233][W][WiFiGeneric.cpp:955] _eventCallback(): Reason: 203 - ASSOC_FAIL
20:00:36.161 > 
20:00:36.161 > Connected successfully. IP address: 192.168.1.46
20:00:36.166 > 
20:00:36.167 > Scanning local network for DLNA media servers...
20:01:46.570 > Number of discovered servers that deliver content: 8
20:01:46.575 > 
20:01:46.575 > Server[0]: IP address: 192.168.1.40, port: 53168, name: Mezzmo
20:01:46.613 > server has reported search capabilities: 4
20:01:46.616 >  id
20:01:46.616 >  dc:title
20:01:46.618 >  upnp:artist
20:01:46.619 >  upnp:album
20:01:46.621 > 
20:01:46.648 > server has reported sort capabilities: 2
20:01:46.653 >  dc:title
20:01:46.653 >  upnp:originalTrackNumber
20:01:46.655 >
20:01:46.655 > Server[1]: IP address: 192.168.1.40, port: 1557, name: Kodi (Virtual-Win10)
20:01:46.711 > server has reported search capabilities: 1
20:01:46.715 >  upnp:class
20:01:46.717 >
20:01:46.759 > server has reported sort capabilities: 18
20:01:46.763 >  res@duration
20:01:46.763 >  res@size
20:01:46.764 >  res@bitrate
20:01:46.766 >  dc:date
20:01:46.767 >  dc:title
20:01:46.768 >  dc:size
20:01:46.769 >  upnp:album
20:01:46.770 >  upnp:artist
20:01:46.771 >  upnp:albumArtist
20:01:46.773 >  upnp:episodeNumber
20:01:46.775 >  upnp:genre
20:01:46.776 >  upnp:originalTrackNumber
20:01:46.778 >  upnp:rating
20:01:46.779 >  upnp:episodeCount
20:01:46.781 >  upnp:episodeSeason
20:01:46.783 >  xbmc:rating
20:01:46.784 >  xbmc:dateadded
20:01:46.786 >  xbmc:votes
20:01:46.787 >
20:01:46.787 > Server[2]: IP address: 192.168.1.40, port: 32469, name: Plex Media Server: Plex (Virtual-Win10)
20:01:46.824 > server has reported search capabilities: 0
20:01:46.829 >
20:01:46.829 >
20:01:46.829 > Server[3]: IP address: 192.168.1.40, port: 8895, name: Serviio (Virtual-Win10)
20:01:49.860 > [ 76388][E][SoapESP32.cpp:1168] getServerCapabilities(): soapReadXML() returned: -1 (likely EOF)
20:01:49.869 > server has reported search capabilities: 0
20:01:49.874 >
20:01:49.874 >
20:01:49.874 > Server[4]: IP address: 192.168.1.11, port: 9791, name: MinimServer[QNAP-TS253D]
20:01:49.911 > server has reported search capabilities: 11
20:01:49.915 >  upnp:class
20:01:49.917 >  dc:title
20:01:49.917 >  dc:creator
20:01:49.919 >  upnp:artist
20:01:49.921 >  upnp:album
20:01:49.922 >  upnp:genre
20:01:49.923 >  dc:date
20:01:49.923 >  res
20:01:49.923 >  @refID
20:01:49.924 >  upnp:artist[@role="AlbumArtist"]
20:01:49.927 >  upnp:artist[@role="Composer"]
20:01:49.931 >
20:01:49.957 > server has reported sort capabilities: 0
20:01:49.962 >
20:01:49.962 > Server[5]: IP address: 192.168.1.40, port: 5001, name: Universal Media Server
20:01:49.997 > server has reported search capabilities: 6
20:01:50.001 >  upnp:class
20:01:50.002 >  dc:title
20:01:50.003 >  dc:creator
20:01:50.004 >  upnp:artist
20:01:50.007 >  upnp:album
20:01:50.008 >  upnp:genre
20:01:50.009 >
20:01:50.029 > server has reported sort capabilities: 0
20:01:50.032 >
20:01:50.032 > Server[6]: IP address: 192.168.1.11, port: 9000, name: Twonky [QNAP-TS253D]
20:01:50.064 > server has reported search capabilities: 32
20:01:50.068 >  @id
20:01:50.070 >  upnp:class
20:01:50.070 >  @refID
20:01:50.072 >  dc:title
20:01:50.072 >  dc:creator
20:01:50.073 >  upnp:artist
20:01:50.075 >  upnp:actor
20:01:50.075 >  upnp:author
20:01:50.076 >  upnp:genre
20:01:50.077 >  upnp:album
20:01:50.080 >  dc:description
20:01:50.081 >  pv:rating
20:01:50.082 >  dc:date
20:01:50.082 >  pv:avKeywords
20:01:50.083 >  res@duration
20:01:50.085 >  res@resolution
20:01:50.086 >  pv:capturedate
20:01:50.088 >  pv:custom
20:01:50.089 >  upnp:channelName
20:01:50.090 >  upnp:channelNr
20:01:50.093 >  upnp:seriesTitle
20:01:50.094 >  upnp:episodeNumber
20:01:50.095 >  upnp:longDescription
20:01:50.097 >  upnp:director
20:01:50.099 >  upnp:rating
20:01:50.101 >  pv:album_furigana
20:01:50.102 >  pv:albumartist_furigana
20:01:50.104 >  pv:artist_furigana
20:01:50.107 >  pv:title_furigana
20:01:50.108 >  pv:media360
20:01:50.110 >  pv:audioenc
20:01:50.111 >  @protocolInfo
20:01:50.112 >
20:01:50.136 > server has reported sort capabilities: 24
20:01:50.140 >  dc:title
20:01:50.141 >  dc:creator
20:01:50.142 >  upnp:artist
20:01:50.143 >  upnp:actor
20:01:50.146 >  upnp:author
20:01:50.147 >  upnp:genre
20:01:50.147 >  upnp:album
20:01:50.148 >  upnp:albumArtist
20:01:50.150 >  dc:description
20:01:50.152 >  upnp:originalTrackNumber
20:01:50.154 >  pv:playcount
20:01:50.155 >  pv:rating
20:01:50.156 >  dc:date
20:01:50.157 >  pv:modificationTime
20:01:50.160 >  pv:addedTime
20:01:50.161 >  pv:lastPlayedTime
20:01:50.162 >  pv:lastUpdated
20:01:50.164 >  res@duration
20:01:50.165 >  pv:extension
20:01:50.167 >  upnp:seriesTitle
20:01:50.168 >  upnp:seriesID
20:01:50.170 >  upnp:episodeCount
20:01:50.171 >  upnp:episodeNumber
20:01:50.172 >  upnp:rating
20:01:50.173 >
20:01:50.174 > Server[7]: IP address: 192.168.1.40, port: 8096, name: Jellyfin - VIRTUAL-WIN10
20:01:50.212 > server has reported search capabilities: 17
20:01:50.216 >  res@resolution
20:01:50.219 >  res@size
20:01:50.220 >  res@duration
20:01:50.220 >  dc:title
20:01:50.221 >  dc:creator
20:01:50.222 >  upnp:actor
20:01:50.223 >  upnp:artist
20:01:50.224 >  upnp:genre
20:01:50.227 >  upnp:album
20:01:50.228 >  dc:date
20:01:50.229 >  upnp:class
20:01:50.229 >  @id
20:01:50.229 >  @refID
20:01:50.230 >  @protocolInfo
20:01:50.231 >  upnp:author
20:01:50.234 >  dc:description
20:01:50.234 >  pv:avKeywords
20:01:50.235 >
20:01:50.265 > server has reported sort capabilities: 13
20:01:50.269 >  res@duration
20:01:50.271 >  res@size
20:01:50.272 >  res@bitrate
20:01:50.274 >  dc:date
20:01:50.274 >  dc:title
20:01:50.274 >  dc:size
20:01:50.275 >  upnp:album
20:01:50.276 >  upnp:artist
20:01:50.278 >  upnp:albumArtist
20:01:50.280 >  upnp:episodeNumber
20:01:50.282 >  upnp:genre
20:01:50.282 >  upnp:originalTrackNumber
20:01:50.284 >  upnp:rating
20:01:50.286 >
20:01:50.286 >
20:01:50.286 > Sketch finished.