15:48:51.250 -> ets Jun  8 2016 00:22:57
15:48:51.250 -> 
15:48:51.250 -> rst:0x1 (POWERON_RESET),boot:0x33 (SPI_FAST_FLASH_BOOT)
15:48:51.250 -> configsip: 0, SPIWP:0xee
15:48:51.284 -> clk_drv:0x00,q_drv:0x00,d_drv:0x00,cs0_drv:0x00,hd_drv:0x00,wp_drv:0x00
15:48:51.284 -> mode:DIO, clock div:1
15:48:51.284 -> load:0x3fff0018,len:4
15:48:51.284 -> load:0x3fff001c,len:1216
15:48:51.284 -> ho 0 tail 12 room 4
15:48:51.284 -> load:0x40078000,len:9720
15:48:51.284 -> ho 0 tail 12 room 4
15:48:51.284 -> load:0x40080400,len:6352
15:48:51.284 -> entry 0x400806b8
15:48:51.553 -> 
15:48:51.553 -> Connecting to WiFi network ....
15:48:53.641 -> Connected successfully.
15:48:53.641 -> IP address: 192.168.1.44
15:48:53.641 -> 
15:48:53.641 -> Scanning local network for DLNA media servers...
15:48:53.641 -> [I][SoapESP32.cpp:440] seekServer(): SSDP search for media server started
15:48:57.658 -> [I][SoapESP32.cpp:443] seekServer(): SSDP query discovered 4 media server
15:48:57.658 -> [I][SoapESP32.cpp:446] seekServer(): checking all discovered media server for service: ContentDirectory
15:48:57.658 -> [I][SoapESP32.cpp:460] seekServer(): connected successfully to server 192.168.1.35:5001
15:48:57.692 -> [I][SoapESP32.cpp:513] seekServer(): ok, this server delivers media content
15:48:57.692 -> [I][SoapESP32.cpp:460] seekServer(): connected successfully to server 192.168.1.11:55247
15:48:57.725 -> [I][SoapESP32.cpp:513] seekServer(): ok, this server delivers media content
15:48:57.725 -> [I][SoapESP32.cpp:460] seekServer(): connected successfully to server 192.168.1.50:9050
15:48:57.759 -> [I][SoapESP32.cpp:513] seekServer(): ok, this server delivers media content
15:48:57.759 -> [I][SoapESP32.cpp:460] seekServer(): connected successfully to server 192.168.1.35:2869
15:48:57.759 -> [I][SoapESP32.cpp:513] seekServer(): ok, this server delivers media content
15:48:57.792 -> Number of discovered servers that deliver content: 4
15:48:57.792 -> 
15:48:57.792 -> Server[1]: IP address: 192.168.1.35, port: 5001, name: Universal Media Server
15:48:57.792 ->   -> controlURL: upnp/control/content_directory
15:48:57.792 -> Server[2]: IP address: 192.168.1.11, port: 55247, name: LINKSTATION2 [LinkStation Media Server]
15:48:57.792 ->   -> controlURL: dms/control/ContentDirectory
15:48:57.792 -> Server[3]: IP address: 192.168.1.50, port: 9050, name: LINKSTATION2b: LinkStation
15:48:57.826 ->   -> controlURL: TMSContentDirectory/Control
15:48:57.826 -> Server[4]: IP address: 192.168.1.35, port: 2869, name: VIRTUAL-WIN10: tj:
15:48:57.826 ->   -> controlURL: upnphost/udhisapi.dll?control=uuid:5f8237e2-e279-46e6-91a1-16662dae9ac3+urn:upnp-org:serviceId:ContentDirectory
15:48:57.826 -> 
15:48:57.826 -> Some ESP32 memory stats after running this sketch:
15:48:57.826 ->  1) minimum ever free memory of all regions [in bytes]: 250228
15:48:57.861 ->  2) minimum ever free heap size [in bytes]:             196456
15:48:57.861 ->  3) minimum ever stack size of this task [in bytes]:    5720
15:48:57.861 -> 
15:48:57.861 -> Sketch finished.
